<?xml version="1.0" encoding="UTF-8"?>
<coverage generated="1690556936528" clover="3.2.0">
  <project timestamp="1690556936529" name="All files">
    <metrics statements="207" coveredstatements="206" conditionals="55" coveredconditionals="55" methods="39" coveredmethods="38" elements="301" coveredelements="299" complexity="0" loc="207" ncloc="207" packages="1" files="9" classes="9"/>
    <file name="BoardFeatures.jsx" path="C:\GitHub\MinesweeperReact\MinesweeperReact\src\components\BoardFeatures.jsx">
      <metrics statements="11" coveredstatements="11" conditionals="4" coveredconditionals="4" methods="2" coveredmethods="2"/>
      <line num="2" count="1" type="stmt"/>
      <line num="3" count="1" type="stmt"/>
      <line num="4" count="190" type="stmt"/>
      <line num="5" count="190" type="stmt"/>
      <line num="6" count="190" type="cond" truecount="2" falsecount="0"/>
      <line num="7" count="16" type="stmt"/>
      <line num="8" count="174" type="cond" truecount="2" falsecount="0"/>
      <line num="9" count="165" type="stmt"/>
      <line num="11" count="9" type="stmt"/>
      <line num="14" count="190" type="stmt"/>
      <line num="16" count="190" type="stmt"/>
    </file>
    <file name="BoardLogic.js" path="C:\GitHub\MinesweeperReact\MinesweeperReact\src\components\BoardLogic.js">
      <metrics statements="9" coveredstatements="9" conditionals="6" coveredconditionals="6" methods="6" coveredmethods="6"/>
      <line num="2" count="1" type="stmt"/>
      <line num="3" count="1" type="stmt"/>
      <line num="5" count="190" type="stmt"/>
      <line num="6" count="1900" type="stmt"/>
      <line num="9" count="23165" type="stmt"/>
      <line num="13" count="1568" type="stmt"/>
      <line num="14" count="1568" type="cond" truecount="4" falsecount="0"/>
      <line num="18" count="139" type="stmt"/>
      <line num="19" count="999" type="cond" truecount="2" falsecount="0"/>
    </file>
    <file name="Constants.jsx" path="C:\GitHub\MinesweeperReact\MinesweeperReact\src\components\Constants.jsx">
      <metrics statements="7" coveredstatements="7" conditionals="0" coveredconditionals="0" methods="0" coveredmethods="0"/>
      <line num="2" count="1" type="stmt"/>
      <line num="3" count="2415" type="stmt"/>
      <line num="4" count="2415" type="stmt"/>
      <line num="5" count="2615" type="stmt"/>
      <line num="6" count="1" type="stmt"/>
      <line num="7" count="3332" type="stmt"/>
      <line num="8" count="1568" type="stmt"/>
    </file>
    <file name="HelloWorld.jsx" path="C:\GitHub\MinesweeperReact\MinesweeperReact\src\components\HelloWorld.jsx">
      <metrics statements="4" coveredstatements="4" conditionals="0" coveredconditionals="0" methods="1" coveredmethods="1"/>
      <line num="2" count="1" type="stmt"/>
      <line num="3" count="1" type="stmt"/>
      <line num="4" count="1" type="stmt"/>
      <line num="8" count="1" type="stmt"/>
    </file>
    <file name="MinesLogic.js" path="C:\GitHub\MinesweeperReact\MinesweeperReact\src\components\MinesLogic.js">
      <metrics statements="29" coveredstatements="29" conditionals="6" coveredconditionals="6" methods="4" coveredmethods="4"/>
      <line num="1" count="1" type="stmt"/>
      <line num="2" count="1" type="stmt"/>
      <line num="3" count="1" type="stmt"/>
      <line num="6" count="195" type="stmt"/>
      <line num="7" count="195" type="stmt"/>
      <line num="8" count="195" type="stmt"/>
      <line num="9" count="2035" type="stmt"/>
      <line num="10" count="2035" type="stmt"/>
      <line num="11" count="2035" type="stmt"/>
      <line num="13" count="2035" type="cond" truecount="1" falsecount="0"/>
      <line num="14" count="1950" type="stmt"/>
      <line num="17" count="195" type="stmt"/>
      <line num="20" count="148" type="stmt"/>
      <line num="21" count="148" type="stmt"/>
      <line num="23" count="148" type="stmt"/>
      <line num="24" count="1184" type="stmt"/>
      <line num="25" count="1184" type="stmt"/>
      <line num="26" count="1184" type="stmt"/>
      <line num="28" count="1184" type="cond" truecount="3" falsecount="0"/>
      <line num="29" count="182" type="stmt"/>
      <line num="32" count="148" type="cond" truecount="2" falsecount="0"/>
      <line num="35" count="9" type="stmt"/>
      <line num="36" count="9" type="stmt"/>
      <line num="37" count="9" type="stmt"/>
      <line num="38" count="13" type="stmt"/>
      <line num="39" count="13" type="stmt"/>
      <line num="40" count="13" type="stmt"/>
      <line num="43" count="9" type="stmt"/>
      <line num="44" count="9" type="stmt"/>
    </file>
    <file name="Minesweeper.jsx" path="C:\GitHub\MinesweeperReact\MinesweeperReact\src\components\Minesweeper.jsx">
      <metrics statements="128" coveredstatements="127" conditionals="30" coveredconditionals="30" methods="21" coveredmethods="20"/>
      <line num="2" count="1" type="stmt"/>
      <line num="3" count="1" type="stmt"/>
      <line num="4" count="1" type="stmt"/>
      <line num="5" count="1" type="stmt"/>
      <line num="6" count="1" type="stmt"/>
      <line num="7" count="1" type="stmt"/>
      <line num="8" count="1" type="stmt"/>
      <line num="9" count="1" type="stmt"/>
      <line num="13" count="0" type="stmt"/>
      <line num="15" count="190" type="stmt"/>
      <line num="17" count="190" type="stmt"/>
      <line num="19" count="190" type="stmt"/>
      <line num="21" count="190" type="stmt"/>
      <line num="23" count="190" type="stmt"/>
      <line num="25" count="190" type="stmt"/>
      <line num="27" count="190" type="stmt"/>
      <line num="29" count="190" type="stmt"/>
      <line num="31" count="190" type="stmt"/>
      <line num="33" count="56" type="cond" truecount="2" falsecount="0"/>
      <line num="34" count="56" type="stmt"/>
      <line num="37" count="190" type="stmt"/>
      <line num="38" count="5" type="stmt"/>
      <line num="39" count="5" type="stmt"/>
      <line num="40" count="5" type="stmt"/>
      <line num="41" count="5" type="stmt"/>
      <line num="42" count="5" type="stmt"/>
      <line num="43" count="5" type="stmt"/>
      <line num="44" count="5" type="stmt"/>
      <line num="48" count="190" type="stmt"/>
      <line num="49" count="33" type="cond" truecount="2" falsecount="0"/>
      <line num="52" count="190" type="stmt"/>
      <line num="53" count="258" type="stmt"/>
      <line num="54" count="258" type="cond" truecount="3" falsecount="0"/>
      <line num="55" count="88" type="stmt"/>
      <line num="56" count="88" type="stmt"/>
      <line num="57" count="88" type="stmt"/>
      <line num="59" count="88" type="cond" truecount="1" falsecount="0"/>
      <line num="60" count="48" type="stmt"/>
      <line num="61" count="384" type="stmt"/>
      <line num="62" count="384" type="stmt"/>
      <line num="64" count="384" type="cond" truecount="1" falsecount="0"/>
      <line num="68" count="252" type="stmt"/>
      <line num="73" count="258" type="stmt"/>
      <line num="74" count="258" type="stmt"/>
      <line num="77" count="190" type="stmt"/>
      <line num="78" count="36" type="stmt"/>
      <line num="79" count="36" type="stmt"/>
      <line num="80" count="36" type="stmt"/>
      <line num="83" count="190" type="stmt"/>
      <line num="84" count="27" type="cond" truecount="1" falsecount="0"/>
      <line num="85" count="27" type="stmt"/>
      <line num="86" count="27" type="stmt"/>
      <line num="90" count="190" type="stmt"/>
      <line num="91" count="38" type="stmt"/>
      <line num="92" count="38" type="cond" truecount="1" falsecount="0"/>
      <line num="93" count="36" type="cond" truecount="2" falsecount="0"/>
      <line num="94" count="11" type="stmt"/>
      <line num="95" count="11" type="stmt"/>
      <line num="96" count="25" type="cond" truecount="2" falsecount="0"/>
      <line num="97" count="4" type="stmt"/>
      <line num="99" count="21" type="stmt"/>
      <line num="100" count="21" type="stmt"/>
      <line num="104" count="190" type="stmt"/>
      <line num="105" count="33" type="cond" truecount="1" falsecount="0"/>
      <line num="106" count="2" type="stmt"/>
      <line num="110" count="190" type="stmt"/>
      <line num="111" count="42" type="stmt"/>
      <line num="112" count="42" type="stmt"/>
      <line num="113" count="42" type="stmt"/>
      <line num="114" count="42" type="cond" truecount="2" falsecount="0"/>
      <line num="115" count="9" type="stmt"/>
      <line num="116" count="9" type="stmt"/>
      <line num="117" count="9" type="stmt"/>
      <line num="119" count="33" type="stmt"/>
      <line num="120" count="33" type="cond" truecount="2" falsecount="0"/>
      <line num="121" count="27" type="stmt"/>
      <line num="122" count="27" type="stmt"/>
      <line num="123" count="27" type="stmt"/>
      <line num="125" count="6" type="stmt"/>
      <line num="127" count="33" type="stmt"/>
      <line num="128" count="33" type="stmt"/>
      <line num="129" count="33" type="stmt"/>
      <line num="130" count="33" type="cond" truecount="2" falsecount="0"/>
      <line num="131" count="16" type="stmt"/>
      <line num="132" count="16" type="stmt"/>
      <line num="134" count="17" type="stmt"/>
      <line num="140" count="190" type="stmt"/>
      <line num="141" count="50" type="stmt"/>
      <line num="142" count="50" type="stmt"/>
      <line num="143" count="50" type="stmt"/>
      <line num="144" count="105" type="stmt"/>
      <line num="145" count="105" type="stmt"/>
      <line num="146" count="1317" type="cond" truecount="3" falsecount="0"/>
      <line num="147" count="303" type="stmt"/>
      <line num="150" count="105" type="stmt"/>
      <line num="152" count="50" type="stmt"/>
      <line num="155" count="190" type="stmt"/>
      <line num="156" count="51" type="stmt"/>
      <line num="157" count="51" type="stmt"/>
      <line num="158" count="51" type="stmt"/>
      <line num="159" count="51" type="stmt"/>
      <line num="160" count="51" type="stmt"/>
      <line num="161" count="51" type="stmt"/>
      <line num="163" count="51" type="cond" truecount="2" falsecount="0"/>
      <line num="165" count="51" type="stmt"/>
      <line num="166" count="51" type="stmt"/>
      <line num="167" count="108" type="stmt"/>
      <line num="168" count="108" type="stmt"/>
      <line num="169" count="108" type="stmt"/>
      <line num="170" count="312" type="cond" truecount="1" falsecount="0"/>
      <line num="171" count="112" type="stmt"/>
      <line num="172" count="112" type="stmt"/>
      <line num="174" count="312" type="stmt"/>
      <line num="176" count="108" type="stmt"/>
      <line num="179" count="51" type="stmt"/>
      <line num="180" count="51" type="stmt"/>
      <line num="181" count="51" type="stmt"/>
      <line num="182" count="51" type="stmt"/>
      <line num="183" count="51" type="stmt"/>
      <line num="186" count="190" type="stmt"/>
      <line num="187" count="51" type="stmt"/>
      <line num="197" count="875" type="stmt"/>
      <line num="198" count="6864" type="stmt"/>
      <line num="199" count="6864" type="stmt"/>
      <line num="201" count="6864" type="stmt"/>
      <line num="205" count="42" type="stmt"/>
      <line num="206" count="38" type="stmt"/>
      <line num="228" count="1" type="stmt"/>
    </file>
    <file name="MockDataLoader.jsx" path="C:\GitHub\MinesweeperReact\MinesweeperReact\src\components\MockDataLoader.jsx">
      <metrics statements="10" coveredstatements="10" conditionals="0" coveredconditionals="0" methods="3" coveredmethods="3"/>
      <line num="2" count="1" type="stmt"/>
      <line num="4" count="190" type="stmt"/>
      <line num="5" count="241" type="stmt"/>
      <line num="7" count="241" type="stmt"/>
      <line num="8" count="51" type="stmt"/>
      <line num="9" count="51" type="stmt"/>
      <line num="10" count="51" type="stmt"/>
      <line num="14" count="241" type="stmt"/>
      <line num="22" count="51" type="stmt"/>
      <line num="41" count="1" type="stmt"/>
    </file>
    <file name="Tile.jsx" path="C:\GitHub\MinesweeperReact\MinesweeperReact\src\components\Tile.jsx">
      <metrics statements="4" coveredstatements="4" conditionals="6" coveredconditionals="6" methods="1" coveredmethods="1"/>
      <line num="2" count="1" type="stmt"/>
      <line num="3" count="7054" type="stmt"/>
      <line num="4" count="7054" type="cond" truecount="6" falsecount="0"/>
      <line num="6" count="7054" type="stmt"/>
    </file>
    <file name="WinnerModal.jsx" path="C:\GitHub\MinesweeperReact\MinesweeperReact\src\components\WinnerModal.jsx">
      <metrics statements="5" coveredstatements="5" conditionals="3" coveredconditionals="3" methods="1" coveredmethods="1"/>
      <line num="1" count="1" type="stmt"/>
      <line num="2" count="190" type="stmt"/>
      <line num="3" count="190" type="cond" truecount="1" falsecount="0"/>
      <line num="5" count="25" type="cond" truecount="2" falsecount="0"/>
      <line num="6" count="25" type="stmt"/>
    </file>
  </project>
</coverage>
