{"C:\\GitHub\\MinesweeperReact\\MinesweeperReact\\src\\components\\BoardFeatures.jsx": {"path":"C:\\GitHub\\MinesweeperReact\\MinesweeperReact\\src\\components\\BoardFeatures.jsx","statementMap":{"0":{"start":{"line":4,"column":16},"end":{"line":4,"column":31}},"1":{"start":{"line":2,"column":18},"end":{"line":2,"column":null}},"2":{"start":{"line":3,"column":21},"end":{"line":3,"column":null}},"3":{"start":{"line":5,"column":26},"end":{"line":13,"column":null}},"4":{"start":{"line":6,"column":6},"end":{"line":12,"column":null}},"5":{"start":{"line":7,"column":10},"end":{"line":7,"column":null}},"6":{"start":{"line":8,"column":15},"end":{"line":12,"column":null}},"7":{"start":{"line":9,"column":10},"end":{"line":9,"column":null}},"8":{"start":{"line":11,"column":10},"end":{"line":11,"column":null}},"9":{"start":{"line":14,"column":20},"end":{"line":14,"column":null}},"10":{"start":{"line":16,"column":4},"end":{"line":35,"column":null}}},"fnMap":{"0":{"name":"BoardFeatures","decl":{"start":{"line":4,"column":16},"end":{"line":4,"column":31}},"loc":{"start":{"line":4,"column":84},"end":{"line":39,"column":null}}},"1":{"name":"(anonymous_3)","decl":{"start":{"line":5,"column":26},"end":{"line":5,"column":27}},"loc":{"start":{"line":5,"column":27},"end":{"line":13,"column":null}}}},"branchMap":{"0":{"loc":{"start":{"line":6,"column":6},"end":{"line":12,"column":null}},"type":"if","locations":[{"start":{"line":6,"column":6},"end":{"line":12,"column":null}},{"start":{"line":8,"column":15},"end":{"line":12,"column":null}}]},"1":{"loc":{"start":{"line":8,"column":15},"end":{"line":12,"column":null}},"type":"if","locations":[{"start":{"line":8,"column":15},"end":{"line":12,"column":null}},{"start":{"line":10,"column":15},"end":{"line":12,"column":null}}]}},"s":{"0":190,"1":1,"2":1,"3":190,"4":190,"5":16,"6":174,"7":165,"8":9,"9":190,"10":190},"f":{"0":190,"1":190},"b":{"0":[16,174],"1":[165,9]}}
,"C:\\GitHub\\MinesweeperReact\\MinesweeperReact\\src\\components\\BoardLogic.js": {"path":"C:\\GitHub\\MinesweeperReact\\MinesweeperReact\\src\\components\\BoardLogic.js","statementMap":{"0":{"start":{"line":5,"column":13},"end":{"line":5,"column":24}},"1":{"start":{"line":9,"column":13},"end":{"line":9,"column":30}},"2":{"start":{"line":13,"column":13},"end":{"line":13,"column":24}},"3":{"start":{"line":18,"column":16},"end":{"line":18,"column":26}},"4":{"start":{"line":2,"column":18},"end":{"line":2,"column":null}},"5":{"start":{"line":3,"column":38},"end":{"line":3,"column":null}},"6":{"start":{"line":5,"column":27},"end":{"line":7,"column":null}},"7":{"start":{"line":6,"column":2},"end":{"line":6,"column":null}},"8":{"start":{"line":6,"column":47},"end":{"line":6,"column":null}},"9":{"start":{"line":9,"column":33},"end":{"line":11,"column":null}},"10":{"start":{"line":13,"column":27},"end":{"line":15,"column":null}},"11":{"start":{"line":14,"column":2},"end":{"line":14,"column":null}},"12":{"start":{"line":19,"column":2},"end":{"line":19,"column":null}},"13":{"start":{"line":19,"column":26},"end":{"line":19,"column":null}}},"fnMap":{"0":{"name":"(anonymous_6)","decl":{"start":{"line":5,"column":27},"end":{"line":5,"column":28}},"loc":{"start":{"line":5,"column":49},"end":{"line":7,"column":null}}},"1":{"name":"(anonymous_7)","decl":{"start":{"line":6,"column":41},"end":{"line":6,"column":47}},"loc":{"start":{"line":6,"column":47},"end":{"line":6,"column":null}}},"2":{"name":"(anonymous_8)","decl":{"start":{"line":9,"column":33},"end":{"line":9,"column":34}},"loc":{"start":{"line":9,"column":44},"end":{"line":11,"column":null}}},"3":{"name":"(anonymous_9)","decl":{"start":{"line":13,"column":27},"end":{"line":13,"column":28}},"loc":{"start":{"line":13,"column":60},"end":{"line":15,"column":null}}},"4":{"name":"cloneBoard","decl":{"start":{"line":18,"column":16},"end":{"line":18,"column":26}},"loc":{"start":{"line":18,"column":32},"end":{"line":20,"column":null}}},"5":{"name":"(anonymous_11)","decl":{"start":{"line":19,"column":19},"end":{"line":19,"column":26}},"loc":{"start":{"line":19,"column":26},"end":{"line":19,"column":null}}}},"branchMap":{"0":{"loc":{"start":{"line":14,"column":9},"end":{"line":14,"column":null}},"type":"binary-expr","locations":[{"start":{"line":14,"column":9},"end":{"line":14,"column":26}},{"start":{"line":14,"column":26},"end":{"line":14,"column":48}},{"start":{"line":14,"column":48},"end":{"line":14,"column":68}},{"start":{"line":14,"column":68},"end":{"line":14,"column":null}}]},"1":{"loc":{"start":{"line":19,"column":26},"end":{"line":19,"column":null}},"type":"cond-expr","locations":[{"start":{"line":19,"column":47},"end":{"line":19,"column":65}},{"start":{"line":19,"column":65},"end":{"line":19,"column":null}}]}},"s":{"0":190,"1":23165,"2":1568,"3":139,"4":1,"5":1,"6":1,"7":190,"8":1900,"9":1,"10":1,"11":1568,"12":401,"13":999},"f":{"0":190,"1":1900,"2":23165,"3":1568,"4":401,"5":999},"b":{"0":[1568,1409,1211,1123],"1":[262,737]}}
,"C:\\GitHub\\MinesweeperReact\\MinesweeperReact\\src\\components\\Constants.jsx": {"path":"C:\\GitHub\\MinesweeperReact\\MinesweeperReact\\src\\components\\Constants.jsx","statementMap":{"0":{"start":{"line":3,"column":13},"end":{"line":3,"column":21}},"1":{"start":{"line":4,"column":13},"end":{"line":4,"column":24}},"2":{"start":{"line":5,"column":13},"end":{"line":5,"column":22}},"3":{"start":{"line":6,"column":13},"end":{"line":6,"column":27}},"4":{"start":{"line":7,"column":13},"end":{"line":7,"column":30}},"5":{"start":{"line":8,"column":13},"end":{"line":8,"column":30}},"6":{"start":{"line":2,"column":18},"end":{"line":2,"column":null}},"7":{"start":{"line":3,"column":24},"end":{"line":3,"column":null}},"8":{"start":{"line":4,"column":27},"end":{"line":4,"column":null}},"9":{"start":{"line":5,"column":25},"end":{"line":5,"column":null}},"10":{"start":{"line":6,"column":30},"end":{"line":6,"column":null}},"11":{"start":{"line":7,"column":33},"end":{"line":7,"column":null}},"12":{"start":{"line":8,"column":33},"end":{"line":8,"column":null}}},"fnMap":{},"branchMap":{},"s":{"0":2415,"1":2415,"2":2615,"3":0,"4":3332,"5":1568,"6":1,"7":1,"8":1,"9":1,"10":1,"11":1,"12":1},"f":{},"b":{}}
,"C:\\GitHub\\MinesweeperReact\\MinesweeperReact\\src\\components\\HelloWorld.jsx": {"path":"C:\\GitHub\\MinesweeperReact\\MinesweeperReact\\src\\components\\HelloWorld.jsx","statementMap":{"0":{"start":{"line":3,"column":13},"end":{"line":3,"column":23}},"1":{"start":{"line":8,"column":0},"end":{"line":8,"column":15}},"2":{"start":{"line":2,"column":18},"end":{"line":2,"column":null}},"3":{"start":{"line":3,"column":26},"end":{"line":7,"column":null}},"4":{"start":{"line":4,"column":4},"end":{"line":5,"column":null}},"5":{"start":{"line":8,"column":15},"end":{"line":8,"column":25}}},"fnMap":{"0":{"name":"(anonymous_4)","decl":{"start":{"line":3,"column":26},"end":{"line":3,"column":null}},"loc":{"start":{"line":3,"column":26},"end":{"line":7,"column":null}}}},"branchMap":{},"s":{"0":1,"1":0,"2":1,"3":1,"4":1,"5":1},"f":{"0":1},"b":{}}
,"C:\\GitHub\\MinesweeperReact\\MinesweeperReact\\src\\components\\MinesLogic.js": {"path":"C:\\GitHub\\MinesweeperReact\\MinesweeperReact\\src\\components\\MinesLogic.js","statementMap":{"0":{"start":{"line":6,"column":13},"end":{"line":6,"column":21}},"1":{"start":{"line":20,"column":13},"end":{"line":20,"column":31}},"2":{"start":{"line":35,"column":13},"end":{"line":35,"column":27}},"3":{"start":{"line":1,"column":18},"end":{"line":1,"column":null}},"4":{"start":{"line":2,"column":47},"end":{"line":2,"column":null}},"5":{"start":{"line":3,"column":87},"end":{"line":3,"column":null}},"6":{"start":{"line":6,"column":24},"end":{"line":18,"column":null}},"7":{"start":{"line":7,"column":29},"end":{"line":7,"column":31}},"8":{"start":{"line":8,"column":4},"end":{"line":16,"column":null}},"9":{"start":{"line":8,"column":20},"end":{"line":8,"column":23}},"10":{"start":{"line":9,"column":23},"end":{"line":9,"column":null}},"11":{"start":{"line":10,"column":26},"end":{"line":10,"column":null}},"12":{"start":{"line":11,"column":29},"end":{"line":11,"column":null}},"13":{"start":{"line":13,"column":6},"end":{"line":15,"column":null}},"14":{"start":{"line":14,"column":8},"end":{"line":14,"column":null}},"15":{"start":{"line":17,"column":4},"end":{"line":17,"column":null}},"16":{"start":{"line":20,"column":34},"end":{"line":33,"column":null}},"17":{"start":{"line":21,"column":20},"end":{"line":21,"column":null}},"18":{"start":{"line":23,"column":4},"end":{"line":31,"column":null}},"19":{"start":{"line":23,"column":25},"end":{"line":23,"column":28}},"20":{"start":{"line":24,"column":21},"end":{"line":24,"column":55}},"21":{"start":{"line":25,"column":24},"end":{"line":25,"column":61}},"22":{"start":{"line":26,"column":28},"end":{"line":26,"column":null}},"23":{"start":{"line":28,"column":6},"end":{"line":30,"column":null}},"24":{"start":{"line":29,"column":10},"end":{"line":29,"column":null}},"25":{"start":{"line":32,"column":4},"end":{"line":32,"column":null}},"26":{"start":{"line":35,"column":30},"end":{"line":45,"column":null}},"27":{"start":{"line":36,"column":24},"end":{"line":36,"column":null}},"28":{"start":{"line":37,"column":0},"end":{"line":42,"column":null}},"29":{"start":{"line":38,"column":14},"end":{"line":38,"column":null}},"30":{"start":{"line":39,"column":17},"end":{"line":39,"column":null}},"31":{"start":{"line":40,"column":4},"end":{"line":40,"column":null}},"32":{"start":{"line":43,"column":0},"end":{"line":43,"column":null}},"33":{"start":{"line":44,"column":0},"end":{"line":44,"column":null}}},"fnMap":{"0":{"name":"(anonymous_5)","decl":{"start":{"line":6,"column":24},"end":{"line":6,"column":null}},"loc":{"start":{"line":6,"column":24},"end":{"line":18,"column":null}}},"1":{"name":"(anonymous_6)","decl":{"start":{"line":20,"column":34},"end":{"line":20,"column":35}},"loc":{"start":{"line":20,"column":66},"end":{"line":33,"column":null}}},"2":{"name":"(anonymous_7)","decl":{"start":{"line":35,"column":30},"end":{"line":35,"column":31}},"loc":{"start":{"line":35,"column":82},"end":{"line":45,"column":null}}},"3":{"name":"(anonymous_8)","decl":{"start":{"line":37,"column":25},"end":{"line":37,"column":null}},"loc":{"start":{"line":37,"column":25},"end":{"line":42,"column":null}}}},"branchMap":{"0":{"loc":{"start":{"line":13,"column":6},"end":{"line":15,"column":null}},"type":"if","locations":[{"start":{"line":13,"column":6},"end":{"line":15,"column":null}}]},"1":{"loc":{"start":{"line":28,"column":6},"end":{"line":30,"column":null}},"type":"if","locations":[{"start":{"line":28,"column":6},"end":{"line":30,"column":null}}]},"2":{"loc":{"start":{"line":28,"column":10},"end":{"line":28,"column":117}},"type":"binary-expr","locations":[{"start":{"line":28,"column":10},"end":{"line":28,"column":75}},{"start":{"line":28,"column":75},"end":{"line":28,"column":117}}]},"3":{"loc":{"start":{"line":32,"column":11},"end":{"line":32,"column":null}},"type":"cond-expr","locations":[{"start":{"line":32,"column":29},"end":{"line":32,"column":36}},{"start":{"line":32,"column":36},"end":{"line":32,"column":null}}]}},"s":{"0":195,"1":148,"2":9,"3":1,"4":1,"5":1,"6":1,"7":195,"8":195,"9":195,"10":2035,"11":2035,"12":2035,"13":2035,"14":1950,"15":195,"16":1,"17":148,"18":148,"19":148,"20":1184,"21":1184,"22":1184,"23":1184,"24":182,"25":148,"26":1,"27":9,"28":9,"29":13,"30":13,"31":13,"32":9,"33":9},"f":{"0":195,"1":148,"2":9,"3":13},"b":{"0":[1950],"1":[182],"2":[1184,739],"3":[54,94]}}
,"C:\\GitHub\\MinesweeperReact\\MinesweeperReact\\src\\components\\Minesweeper.jsx": {"path":"C:\\GitHub\\MinesweeperReact\\MinesweeperReact\\src\\components\\Minesweeper.jsx","statementMap":{"0":{"start":{"line":13,"column":16},"end":{"line":13,"column":27}},"1":{"start":{"line":2,"column":43},"end":{"line":2,"column":null}},"2":{"start":{"line":3,"column":21},"end":{"line":3,"column":null}},"3":{"start":{"line":4,"column":27},"end":{"line":4,"column":null}},"4":{"start":{"line":5,"column":102},"end":{"line":5,"column":null}},"5":{"start":{"line":6,"column":72},"end":{"line":6,"column":null}},"6":{"start":{"line":7,"column":30},"end":{"line":7,"column":null}},"7":{"start":{"line":8,"column":61},"end":{"line":8,"column":null}},"8":{"start":{"line":9,"column":31},"end":{"line":9,"column":null}},"9":{"start":{"line":15,"column":50},"end":{"line":15,"column":null}},"10":{"start":{"line":17,"column":40},"end":{"line":17,"column":null}},"11":{"start":{"line":19,"column":38},"end":{"line":19,"column":null}},"12":{"start":{"line":21,"column":42},"end":{"line":21,"column":null}},"13":{"start":{"line":23,"column":28},"end":{"line":23,"column":null}},"14":{"start":{"line":25,"column":50},"end":{"line":25,"column":null}},"15":{"start":{"line":27,"column":30},"end":{"line":27,"column":null}},"16":{"start":{"line":29,"column":32},"end":{"line":29,"column":null}},"17":{"start":{"line":31,"column":2},"end":{"line":35,"column":null}},"18":{"start":{"line":33,"column":6},"end":{"line":33,"column":null}},"19":{"start":{"line":33,"column":41},"end":{"line":33,"column":66}},"20":{"start":{"line":34,"column":4},"end":{"line":34,"column":null}},"21":{"start":{"line":34,"column":17},"end":{"line":34,"column":null}},"22":{"start":{"line":37,"column":20},"end":{"line":46,"column":null}},"23":{"start":{"line":38,"column":4},"end":{"line":38,"column":null}},"24":{"start":{"line":39,"column":4},"end":{"line":39,"column":null}},"25":{"start":{"line":40,"column":4},"end":{"line":40,"column":null}},"26":{"start":{"line":41,"column":4},"end":{"line":41,"column":null}},"27":{"start":{"line":42,"column":4},"end":{"line":42,"column":null}},"28":{"start":{"line":43,"column":4},"end":{"line":43,"column":null}},"29":{"start":{"line":44,"column":4},"end":{"line":44,"column":null}},"30":{"start":{"line":48,"column":19},"end":{"line":50,"column":null}},"31":{"start":{"line":49,"column":4},"end":{"line":49,"column":null}},"32":{"start":{"line":52,"column":36},"end":{"line":75,"column":null}},"33":{"start":{"line":53,"column":23},"end":{"line":53,"column":null}},"34":{"start":{"line":54,"column":6},"end":{"line":72,"column":null}},"35":{"start":{"line":55,"column":8},"end":{"line":55,"column":null}},"36":{"start":{"line":56,"column":38},"end":{"line":56,"column":null}},"37":{"start":{"line":57,"column":8},"end":{"line":57,"column":null}},"38":{"start":{"line":59,"column":8},"end":{"line":71,"column":null}},"39":{"start":{"line":60,"column":10},"end":{"line":70,"column":null}},"40":{"start":{"line":60,"column":31},"end":{"line":60,"column":34}},"41":{"start":{"line":61,"column":27},"end":{"line":61,"column":66}},"42":{"start":{"line":62,"column":30},"end":{"line":62,"column":72}},"43":{"start":{"line":64,"column":12},"end":{"line":69,"column":null}},"44":{"start":{"line":68,"column":12},"end":{"line":68,"column":null}},"45":{"start":{"line":73,"column":4},"end":{"line":73,"column":null}},"46":{"start":{"line":74,"column":4},"end":{"line":74,"column":null}},"47":{"start":{"line":77,"column":19},"end":{"line":81,"column":null}},"48":{"start":{"line":78,"column":19},"end":{"line":78,"column":null}},"49":{"start":{"line":79,"column":2},"end":{"line":79,"column":null}},"50":{"start":{"line":80,"column":2},"end":{"line":80,"column":null}},"51":{"start":{"line":83,"column":20},"end":{"line":88,"column":null}},"52":{"start":{"line":84,"column":2},"end":{"line":87,"column":null}},"53":{"start":{"line":85,"column":4},"end":{"line":85,"column":null}},"54":{"start":{"line":86,"column":4},"end":{"line":86,"column":null}},"55":{"start":{"line":90,"column":25},"end":{"line":102,"column":null}},"56":{"start":{"line":91,"column":2},"end":{"line":91,"column":null}},"57":{"start":{"line":92,"column":2},"end":{"line":92,"column":null}},"58":{"start":{"line":92,"column":71},"end":{"line":92,"column":null}},"59":{"start":{"line":93,"column":2},"end":{"line":101,"column":null}},"60":{"start":{"line":94,"column":4},"end":{"line":94,"column":null}},"61":{"start":{"line":95,"column":4},"end":{"line":95,"column":null}},"62":{"start":{"line":96,"column":9},"end":{"line":101,"column":null}},"63":{"start":{"line":97,"column":4},"end":{"line":97,"column":null}},"64":{"start":{"line":99,"column":4},"end":{"line":99,"column":null}},"65":{"start":{"line":100,"column":4},"end":{"line":100,"column":null}},"66":{"start":{"line":104,"column":27},"end":{"line":108,"column":null}},"67":{"start":{"line":105,"column":2},"end":{"line":107,"column":null}},"68":{"start":{"line":106,"column":4},"end":{"line":106,"column":null}},"69":{"start":{"line":110,"column":24},"end":{"line":138,"column":null}},"70":{"start":{"line":111,"column":25},"end":{"line":111,"column":null}},"71":{"start":{"line":112,"column":19},"end":{"line":112,"column":null}},"72":{"start":{"line":113,"column":26},"end":{"line":113,"column":null}},"73":{"start":{"line":114,"column":2},"end":{"line":137,"column":null}},"74":{"start":{"line":115,"column":4},"end":{"line":115,"column":null}},"75":{"start":{"line":116,"column":4},"end":{"line":116,"column":null}},"76":{"start":{"line":117,"column":4},"end":{"line":117,"column":null}},"77":{"start":{"line":119,"column":4},"end":{"line":119,"column":null}},"78":{"start":{"line":120,"column":4},"end":{"line":126,"column":null}},"79":{"start":{"line":121,"column":6},"end":{"line":121,"column":null}},"80":{"start":{"line":122,"column":6},"end":{"line":122,"column":null}},"81":{"start":{"line":123,"column":6},"end":{"line":123,"column":null}},"82":{"start":{"line":125,"column":6},"end":{"line":125,"column":null}},"83":{"start":{"line":127,"column":33},"end":{"line":127,"column":55}},"84":{"start":{"line":128,"column":22},"end":{"line":128,"column":null}},"85":{"start":{"line":129,"column":4},"end":{"line":129,"column":null}},"86":{"start":{"line":130,"column":4},"end":{"line":135,"column":null}},"87":{"start":{"line":131,"column":6},"end":{"line":131,"column":null}},"88":{"start":{"line":132,"column":6},"end":{"line":132,"column":null}},"89":{"start":{"line":134,"column":6},"end":{"line":134,"column":null}},"90":{"start":{"line":140,"column":27},"end":{"line":153,"column":null}},"91":{"start":{"line":141,"column":24},"end":{"line":141,"column":26}},"92":{"start":{"line":142,"column":15},"end":{"line":142,"column":null}},"93":{"start":{"line":143,"column":2},"end":{"line":151,"column":null}},"94":{"start":{"line":144,"column":18},"end":{"line":144,"column":20}},"95":{"start":{"line":145,"column":4},"end":{"line":149,"column":null}},"96":{"start":{"line":145,"column":21},"end":{"line":145,"column":24}},"97":{"start":{"line":146,"column":6},"end":{"line":148,"column":null}},"98":{"start":{"line":147,"column":8},"end":{"line":147,"column":null}},"99":{"start":{"line":150,"column":4},"end":{"line":150,"column":null}},"100":{"start":{"line":152,"column":2},"end":{"line":152,"column":null}},"101":{"start":{"line":155,"column":24},"end":{"line":184,"column":null}},"102":{"start":{"line":156,"column":32},"end":{"line":156,"column":34}},"103":{"start":{"line":157,"column":21},"end":{"line":157,"column":23}},"104":{"start":{"line":158,"column":21},"end":{"line":158,"column":null}},"105":{"start":{"line":159,"column":24},"end":{"line":159,"column":null}},"106":{"start":{"line":160,"column":22},"end":{"line":160,"column":null}},"107":{"start":{"line":161,"column":15},"end":{"line":161,"column":17}},"108":{"start":{"line":163,"column":4},"end":{"line":163,"column":null}},"109":{"start":{"line":165,"column":4},"end":{"line":165,"column":null}},"110":{"start":{"line":166,"column":6},"end":{"line":177,"column":null}},"111":{"start":{"line":167,"column":24},"end":{"line":167,"column":26}},"112":{"start":{"line":168,"column":8},"end":{"line":168,"column":null}},"113":{"start":{"line":169,"column":8},"end":{"line":175,"column":null}},"114":{"start":{"line":169,"column":25},"end":{"line":169,"column":28}},"115":{"start":{"line":170,"column":10},"end":{"line":173,"column":null}},"116":{"start":{"line":171,"column":12},"end":{"line":171,"column":null}},"117":{"start":{"line":172,"column":12},"end":{"line":172,"column":null}},"118":{"start":{"line":174,"column":10},"end":{"line":174,"column":null}},"119":{"start":{"line":176,"column":8},"end":{"line":176,"column":null}},"120":{"start":{"line":179,"column":4},"end":{"line":179,"column":null}},"121":{"start":{"line":180,"column":4},"end":{"line":180,"column":null}},"122":{"start":{"line":181,"column":4},"end":{"line":181,"column":null}},"123":{"start":{"line":182,"column":4},"end":{"line":182,"column":null}},"124":{"start":{"line":183,"column":4},"end":{"line":183,"column":null}},"125":{"start":{"line":186,"column":23},"end":{"line":188,"column":null}},"126":{"start":{"line":187,"column":4},"end":{"line":187,"column":null}},"127":{"start":{"line":197,"column":12},"end":{"line":213,"column":null}},"128":{"start":{"line":198,"column":37},"end":{"line":198,"column":null}},"129":{"start":{"line":199,"column":32},"end":{"line":199,"column":null}},"130":{"start":{"line":201,"column":14},"end":{"line":211,"column":null}},"131":{"start":{"line":205,"column":37},"end":{"line":205,"column":null}},"132":{"start":{"line":206,"column":43},"end":{"line":206,"column":null}},"133":{"start":{"line":228,"column":15},"end":{"line":228,"column":26}}},"fnMap":{"0":{"name":"Minesweeper","decl":{"start":{"line":13,"column":16},"end":{"line":13,"column":27}},"loc":{"start":{"line":13,"column":16},"end":{"line":226,"column":null}}},"1":{"name":"(anonymous_7)","decl":{"start":{"line":31,"column":12},"end":{"line":31,"column":null}},"loc":{"start":{"line":31,"column":12},"end":{"line":35,"column":5}}},"2":{"name":"(anonymous_8)","decl":{"start":{"line":33,"column":35},"end":{"line":33,"column":41}},"loc":{"start":{"line":33,"column":41},"end":{"line":33,"column":66}}},"3":{"name":"(anonymous_9)","decl":{"start":{"line":34,"column":11},"end":{"line":34,"column":17}},"loc":{"start":{"line":34,"column":17},"end":{"line":34,"column":null}}},"4":{"name":"(anonymous_10)","decl":{"start":{"line":37,"column":20},"end":{"line":37,"column":null}},"loc":{"start":{"line":37,"column":20},"end":{"line":46,"column":null}}},"5":{"name":"(anonymous_11)","decl":{"start":{"line":48,"column":19},"end":{"line":48,"column":20}},"loc":{"start":{"line":48,"column":20},"end":{"line":50,"column":null}}},"6":{"name":"(anonymous_12)","decl":{"start":{"line":52,"column":36},"end":{"line":52,"column":37}},"loc":{"start":{"line":52,"column":68},"end":{"line":75,"column":null}}},"7":{"name":"(anonymous_13)","decl":{"start":{"line":77,"column":19},"end":{"line":77,"column":20}},"loc":{"start":{"line":77,"column":43},"end":{"line":81,"column":null}}},"8":{"name":"(anonymous_14)","decl":{"start":{"line":83,"column":20},"end":{"line":83,"column":21}},"loc":{"start":{"line":83,"column":35},"end":{"line":88,"column":null}}},"9":{"name":"(anonymous_15)","decl":{"start":{"line":90,"column":25},"end":{"line":90,"column":26}},"loc":{"start":{"line":90,"column":43},"end":{"line":102,"column":null}}},"10":{"name":"(anonymous_16)","decl":{"start":{"line":104,"column":27},"end":{"line":104,"column":28}},"loc":{"start":{"line":104,"column":48},"end":{"line":108,"column":null}}},"11":{"name":"(anonymous_17)","decl":{"start":{"line":110,"column":24},"end":{"line":110,"column":25}},"loc":{"start":{"line":110,"column":35},"end":{"line":138,"column":null}}},"12":{"name":"(anonymous_18)","decl":{"start":{"line":140,"column":27},"end":{"line":140,"column":28}},"loc":{"start":{"line":140,"column":28},"end":{"line":153,"column":null}}},"13":{"name":"(anonymous_19)","decl":{"start":{"line":143,"column":11},"end":{"line":143,"column":12}},"loc":{"start":{"line":143,"column":12},"end":{"line":151,"column":null}}},"14":{"name":"(anonymous_20)","decl":{"start":{"line":155,"column":24},"end":{"line":155,"column":25}},"loc":{"start":{"line":155,"column":25},"end":{"line":184,"column":null}}},"15":{"name":"(anonymous_21)","decl":{"start":{"line":166,"column":15},"end":{"line":166,"column":16}},"loc":{"start":{"line":166,"column":21},"end":{"line":177,"column":null}}},"16":{"name":"(anonymous_22)","decl":{"start":{"line":186,"column":23},"end":{"line":186,"column":24}},"loc":{"start":{"line":186,"column":24},"end":{"line":188,"column":null}}},"17":{"name":"(anonymous_23)","decl":{"start":{"line":196,"column":20},"end":{"line":196,"column":21}},"loc":{"start":{"line":196,"column":26},"end":{"line":214,"column":null}}},"18":{"name":"(anonymous_24)","decl":{"start":{"line":197,"column":27},"end":{"line":197,"column":28}},"loc":{"start":{"line":197,"column":35},"end":{"line":213,"column":null}}},"19":{"name":"(anonymous_25)","decl":{"start":{"line":205,"column":31},"end":{"line":205,"column":37}},"loc":{"start":{"line":205,"column":37},"end":{"line":205,"column":null}}},"20":{"name":"(anonymous_26)","decl":{"start":{"line":206,"column":32},"end":{"line":206,"column":33}},"loc":{"start":{"line":206,"column":43},"end":{"line":206,"column":null}}}},"branchMap":{"0":{"loc":{"start":{"line":33,"column":6},"end":{"line":33,"column":null}},"type":"binary-expr","locations":[{"start":{"line":33,"column":6},"end":{"line":33,"column":23}},{"start":{"line":33,"column":23},"end":{"line":33,"column":null}}]},"1":{"loc":{"start":{"line":49,"column":11},"end":{"line":49,"column":null}},"type":"cond-expr","locations":[{"start":{"line":49,"column":55},"end":{"line":49,"column":62}},{"start":{"line":49,"column":62},"end":{"line":49,"column":null}}]},"2":{"loc":{"start":{"line":54,"column":6},"end":{"line":72,"column":null}},"type":"if","locations":[{"start":{"line":54,"column":6},"end":{"line":72,"column":null}}]},"3":{"loc":{"start":{"line":54,"column":10},"end":{"line":54,"column":88}},"type":"binary-expr","locations":[{"start":{"line":54,"column":10},"end":{"line":54,"column":48}},{"start":{"line":54,"column":48},"end":{"line":54,"column":88}}]},"4":{"loc":{"start":{"line":59,"column":8},"end":{"line":71,"column":null}},"type":"if","locations":[{"start":{"line":59,"column":8},"end":{"line":71,"column":null}}]},"5":{"loc":{"start":{"line":64,"column":12},"end":{"line":69,"column":null}},"type":"if","locations":[{"start":{"line":64,"column":12},"end":{"line":69,"column":null}}]},"6":{"loc":{"start":{"line":65,"column":14},"end":{"line":66,"column":null}},"type":"binary-expr","locations":[{"start":{"line":65,"column":14},"end":{"line":65,"column":null}},{"start":{"line":66,"column":17},"end":{"line":66,"column":null}}]},"7":{"loc":{"start":{"line":84,"column":2},"end":{"line":87,"column":null}},"type":"if","locations":[{"start":{"line":84,"column":2},"end":{"line":87,"column":null}}]},"8":{"loc":{"start":{"line":92,"column":2},"end":{"line":92,"column":null}},"type":"if","locations":[{"start":{"line":92,"column":2},"end":{"line":92,"column":null}}]},"9":{"loc":{"start":{"line":93,"column":2},"end":{"line":101,"column":null}},"type":"if","locations":[{"start":{"line":93,"column":2},"end":{"line":101,"column":null}},{"start":{"line":96,"column":9},"end":{"line":101,"column":null}}]},"10":{"loc":{"start":{"line":96,"column":9},"end":{"line":101,"column":null}},"type":"if","locations":[{"start":{"line":96,"column":9},"end":{"line":101,"column":null}},{"start":{"line":98,"column":9},"end":{"line":101,"column":null}}]},"11":{"loc":{"start":{"line":105,"column":2},"end":{"line":107,"column":null}},"type":"if","locations":[{"start":{"line":105,"column":2},"end":{"line":107,"column":null}}]},"12":{"loc":{"start":{"line":114,"column":2},"end":{"line":137,"column":null}},"type":"if","locations":[{"start":{"line":114,"column":2},"end":{"line":137,"column":null}},{"start":{"line":118,"column":9},"end":{"line":137,"column":null}}]},"13":{"loc":{"start":{"line":120,"column":4},"end":{"line":126,"column":null}},"type":"if","locations":[{"start":{"line":120,"column":4},"end":{"line":126,"column":null}},{"start":{"line":124,"column":11},"end":{"line":126,"column":null}}]},"14":{"loc":{"start":{"line":130,"column":4},"end":{"line":135,"column":null}},"type":"if","locations":[{"start":{"line":130,"column":4},"end":{"line":135,"column":null}},{"start":{"line":133,"column":11},"end":{"line":135,"column":null}}]},"15":{"loc":{"start":{"line":146,"column":6},"end":{"line":148,"column":null}},"type":"if","locations":[{"start":{"line":146,"column":6},"end":{"line":148,"column":null}}]},"16":{"loc":{"start":{"line":146,"column":10},"end":{"line":146,"column":52}},"type":"binary-expr","locations":[{"start":{"line":146,"column":10},"end":{"line":146,"column":32}},{"start":{"line":146,"column":32},"end":{"line":146,"column":52}}]},"17":{"loc":{"start":{"line":163,"column":11},"end":{"line":163,"column":null}},"type":"cond-expr","locations":[{"start":{"line":163,"column":36},"end":{"line":163,"column":65}},{"start":{"line":163,"column":65},"end":{"line":163,"column":null}}]},"18":{"loc":{"start":{"line":170,"column":10},"end":{"line":173,"column":null}},"type":"if","locations":[{"start":{"line":170,"column":10},"end":{"line":173,"column":null}}]}},"s":{"0":0,"1":1,"2":1,"3":1,"4":1,"5":1,"6":1,"7":1,"8":1,"9":190,"10":190,"11":190,"12":190,"13":190,"14":190,"15":190,"16":190,"17":190,"18":56,"19":0,"20":56,"21":56,"22":190,"23":5,"24":5,"25":5,"26":5,"27":5,"28":5,"29":5,"30":190,"31":33,"32":190,"33":258,"34":258,"35":88,"36":88,"37":88,"38":88,"39":48,"40":48,"41":384,"42":384,"43":384,"44":252,"45":258,"46":258,"47":190,"48":36,"49":36,"50":36,"51":190,"52":27,"53":27,"54":27,"55":190,"56":38,"57":38,"58":2,"59":36,"60":11,"61":11,"62":25,"63":4,"64":21,"65":21,"66":190,"67":33,"68":2,"69":190,"70":42,"71":42,"72":42,"73":42,"74":9,"75":9,"76":9,"77":33,"78":33,"79":27,"80":27,"81":27,"82":6,"83":33,"84":33,"85":33,"86":33,"87":16,"88":16,"89":17,"90":190,"91":50,"92":50,"93":50,"94":105,"95":105,"96":105,"97":1317,"98":303,"99":105,"100":50,"101":190,"102":51,"103":51,"104":51,"105":51,"106":51,"107":51,"108":51,"109":51,"110":51,"111":108,"112":108,"113":108,"114":108,"115":312,"116":112,"117":112,"118":312,"119":108,"120":51,"121":51,"122":51,"123":51,"124":51,"125":190,"126":51,"127":875,"128":6864,"129":6864,"130":6864,"131":42,"132":38,"133":1},"f":{"0":190,"1":56,"2":0,"3":56,"4":5,"5":33,"6":258,"7":36,"8":27,"9":38,"10":33,"11":42,"12":50,"13":105,"14":51,"15":108,"16":51,"17":875,"18":6864,"19":42,"20":38},"b":{"0":[56,56],"1":[16,17],"2":[88],"3":[258,88],"4":[48],"5":[252],"6":[384,253],"7":[27],"8":[2],"9":[11,25],"10":[4,21],"11":[2],"12":[9,33],"13":[27,6],"14":[16,17],"15":[303],"16":[1317,1207],"17":[50,1],"18":[112]}}
,"C:\\GitHub\\MinesweeperReact\\MinesweeperReact\\src\\components\\MockDataLoader.jsx": {"path":"C:\\GitHub\\MinesweeperReact\\MinesweeperReact\\src\\components\\MockDataLoader.jsx","statementMap":{"0":{"start":{"line":4,"column":16},"end":{"line":4,"column":30}},"1":{"start":{"line":41,"column":0},"end":{"line":41,"column":15}},"2":{"start":{"line":2,"column":43},"end":{"line":2,"column":null}},"3":{"start":{"line":5,"column":34},"end":{"line":5,"column":null}},"4":{"start":{"line":7,"column":23},"end":{"line":12,"column":null}},"5":{"start":{"line":8,"column":4},"end":{"line":8,"column":null}},"6":{"start":{"line":9,"column":4},"end":{"line":9,"column":null}},"7":{"start":{"line":10,"column":4},"end":{"line":10,"column":null}},"8":{"start":{"line":14,"column":2},"end":{"line":31,"column":null}},"9":{"start":{"line":22,"column":33},"end":{"line":22,"column":null}},"10":{"start":{"line":41,"column":15},"end":{"line":41,"column":30}}},"fnMap":{"0":{"name":"MockDataLoader","decl":{"start":{"line":4,"column":16},"end":{"line":4,"column":30}},"loc":{"start":{"line":4,"column":43},"end":{"line":39,"column":null}}},"1":{"name":"(anonymous_7)","decl":{"start":{"line":7,"column":23},"end":{"line":7,"column":24}},"loc":{"start":{"line":7,"column":24},"end":{"line":12,"column":null}}},"2":{"name":"(anonymous_8)","decl":{"start":{"line":22,"column":22},"end":{"line":22,"column":23}},"loc":{"start":{"line":22,"column":33},"end":{"line":22,"column":null}}}},"branchMap":{},"s":{"0":190,"1":0,"2":1,"3":241,"4":241,"5":51,"6":51,"7":51,"8":241,"9":51,"10":1},"f":{"0":241,"1":51,"2":51},"b":{}}
,"C:\\GitHub\\MinesweeperReact\\MinesweeperReact\\src\\components\\Tile.jsx": {"path":"C:\\GitHub\\MinesweeperReact\\MinesweeperReact\\src\\components\\Tile.jsx","statementMap":{"0":{"start":{"line":3,"column":13},"end":{"line":3,"column":20}},"1":{"start":{"line":2,"column":18},"end":{"line":2,"column":null}},"2":{"start":{"line":3,"column":20},"end":{"line":11,"column":null}},"3":{"start":{"line":4,"column":20},"end":{"line":4,"column":116}},"4":{"start":{"line":6,"column":4},"end":{"line":8,"column":null}}},"fnMap":{"0":{"name":"(anonymous_2)","decl":{"start":{"line":3,"column":20},"end":{"line":3,"column":21}},"loc":{"start":{"line":3,"column":99},"end":{"line":11,"column":null}}}},"branchMap":{"0":{"loc":{"start":{"line":4,"column":27},"end":{"line":4,"column":46}},"type":"cond-expr","locations":[{"start":{"line":4,"column":35},"end":{"line":4,"column":43}},{"start":{"line":4,"column":43},"end":{"line":4,"column":46}}]},"1":{"loc":{"start":{"line":4,"column":49},"end":{"line":4,"column":81}},"type":"cond-expr","locations":[{"start":{"line":4,"column":61},"end":{"line":4,"column":78}},{"start":{"line":4,"column":78},"end":{"line":4,"column":81}}]},"2":{"loc":{"start":{"line":4,"column":84},"end":{"line":4,"column":114}},"type":"cond-expr","locations":[{"start":{"line":4,"column":95},"end":{"line":4,"column":111}},{"start":{"line":4,"column":111},"end":{"line":4,"column":114}}]}},"s":{"0":7054,"1":1,"2":1,"3":7054,"4":7054},"f":{"0":7054},"b":{"0":[190,6864],"1":[132,6922],"2":[171,6883]}}
,"C:\\GitHub\\MinesweeperReact\\MinesweeperReact\\src\\components\\WinnerModal.jsx": {"path":"C:\\GitHub\\MinesweeperReact\\MinesweeperReact\\src\\components\\WinnerModal.jsx","statementMap":{"0":{"start":{"line":2,"column":16},"end":{"line":2,"column":28}},"1":{"start":{"line":1,"column":18},"end":{"line":1,"column":null}},"2":{"start":{"line":3,"column":2},"end":{"line":3,"column":null}},"3":{"start":{"line":3,"column":23},"end":{"line":3,"column":null}},"4":{"start":{"line":5,"column":21},"end":{"line":5,"column":null}},"5":{"start":{"line":6,"column":2},"end":{"line":9,"column":null}}},"fnMap":{"0":{"name":"WinnerText","decl":{"start":{"line":2,"column":16},"end":{"line":2,"column":28}},"loc":{"start":{"line":2,"column":38},"end":{"line":13,"column":null}}}},"branchMap":{"0":{"loc":{"start":{"line":3,"column":2},"end":{"line":3,"column":null}},"type":"if","locations":[{"start":{"line":3,"column":2},"end":{"line":3,"column":null}}]},"1":{"loc":{"start":{"line":5,"column":21},"end":{"line":5,"column":null}},"type":"cond-expr","locations":[{"start":{"line":5,"column":39},"end":{"line":5,"column":51}},{"start":{"line":5,"column":51},"end":{"line":5,"column":null}}]}},"s":{"0":190,"1":1,"2":190,"3":165,"4":25,"5":25},"f":{"0":190},"b":{"0":[165],"1":[16,9]}}
}
