TN:
SF:src\components\BoardFeatures.jsx
FN:4,BoardFeatures
FN:5,(anonymous_3)
FNF:2
FNH:2
FNDA:190,BoardFeatures
FNDA:190,(anonymous_3)
DA:2,1
DA:3,1
DA:4,190
DA:5,190
DA:6,190
DA:7,16
DA:8,174
DA:9,165
DA:11,9
DA:14,190
DA:16,190
LF:11
LH:11
BRDA:6,0,0,16
BRDA:6,0,1,174
BRDA:8,1,0,165
BRDA:8,1,1,9
BRF:4
BRH:4
end_of_record
TN:
SF:src\components\BoardLogic.js
FN:5,(anonymous_6)
FN:6,(anonymous_7)
FN:9,(anonymous_8)
FN:13,(anonymous_9)
FN:18,cloneBoard
FN:19,(anonymous_11)
FNF:6
FNH:6
FNDA:190,(anonymous_6)
FNDA:1900,(anonymous_7)
FNDA:23165,(anonymous_8)
FNDA:1568,(anonymous_9)
FNDA:401,cloneBoard
FNDA:999,(anonymous_11)
DA:2,1
DA:3,1
DA:5,190
DA:6,1900
DA:9,23165
DA:13,1568
DA:14,1568
DA:18,139
DA:19,999
LF:9
LH:9
BRDA:14,0,0,1568
BRDA:14,0,1,1409
BRDA:14,0,2,1211
BRDA:14,0,3,1123
BRDA:19,1,0,262
BRDA:19,1,1,737
BRF:6
BRH:6
end_of_record
TN:
SF:src\components\Constants.jsx
FNF:0
FNH:0
DA:2,1
DA:3,2415
DA:4,2415
DA:5,2615
DA:6,1
DA:7,3332
DA:8,1568
LF:7
LH:7
BRF:0
BRH:0
end_of_record
TN:
SF:src\components\HelloWorld.jsx
FN:3,(anonymous_4)
FNF:1
FNH:1
FNDA:1,(anonymous_4)
DA:2,1
DA:3,1
DA:4,1
DA:8,1
LF:4
LH:4
BRF:0
BRH:0
end_of_record
TN:
SF:src\components\MinesLogic.js
FN:6,(anonymous_5)
FN:20,(anonymous_6)
FN:35,(anonymous_7)
FN:37,(anonymous_8)
FNF:4
FNH:4
FNDA:195,(anonymous_5)
FNDA:148,(anonymous_6)
FNDA:9,(anonymous_7)
FNDA:13,(anonymous_8)
DA:1,1
DA:2,1
DA:3,1
DA:6,195
DA:7,195
DA:8,195
DA:9,2035
DA:10,2035
DA:11,2035
DA:13,2035
DA:14,1950
DA:17,195
DA:20,148
DA:21,148
DA:23,148
DA:24,1184
DA:25,1184
DA:26,1184
DA:28,1184
DA:29,182
DA:32,148
DA:35,9
DA:36,9
DA:37,9
DA:38,13
DA:39,13
DA:40,13
DA:43,9
DA:44,9
LF:29
LH:29
BRDA:13,0,0,1950
BRDA:28,1,0,182
BRDA:28,2,0,1184
BRDA:28,2,1,739
BRDA:32,3,0,54
BRDA:32,3,1,94
BRF:6
BRH:6
end_of_record
TN:
SF:src\components\Minesweeper.jsx
FN:13,Minesweeper
FN:31,(anonymous_7)
FN:33,(anonymous_8)
FN:34,(anonymous_9)
FN:37,(anonymous_10)
FN:48,(anonymous_11)
FN:52,(anonymous_12)
FN:77,(anonymous_13)
FN:83,(anonymous_14)
FN:90,(anonymous_15)
FN:104,(anonymous_16)
FN:110,(anonymous_17)
FN:140,(anonymous_18)
FN:143,(anonymous_19)
FN:155,(anonymous_20)
FN:166,(anonymous_21)
FN:186,(anonymous_22)
FN:196,(anonymous_23)
FN:197,(anonymous_24)
FN:205,(anonymous_25)
FN:206,(anonymous_26)
FNF:21
FNH:20
FNDA:190,Minesweeper
FNDA:56,(anonymous_7)
FNDA:0,(anonymous_8)
FNDA:56,(anonymous_9)
FNDA:5,(anonymous_10)
FNDA:33,(anonymous_11)
FNDA:258,(anonymous_12)
FNDA:36,(anonymous_13)
FNDA:27,(anonymous_14)
FNDA:38,(anonymous_15)
FNDA:33,(anonymous_16)
FNDA:42,(anonymous_17)
FNDA:50,(anonymous_18)
FNDA:105,(anonymous_19)
FNDA:51,(anonymous_20)
FNDA:108,(anonymous_21)
FNDA:51,(anonymous_22)
FNDA:875,(anonymous_23)
FNDA:6864,(anonymous_24)
FNDA:42,(anonymous_25)
FNDA:38,(anonymous_26)
DA:2,1
DA:3,1
DA:4,1
DA:5,1
DA:6,1
DA:7,1
DA:8,1
DA:9,1
DA:13,0
DA:15,190
DA:17,190
DA:19,190
DA:21,190
DA:23,190
DA:25,190
DA:27,190
DA:29,190
DA:31,190
DA:33,56
DA:34,56
DA:37,190
DA:38,5
DA:39,5
DA:40,5
DA:41,5
DA:42,5
DA:43,5
DA:44,5
DA:48,190
DA:49,33
DA:52,190
DA:53,258
DA:54,258
DA:55,88
DA:56,88
DA:57,88
DA:59,88
DA:60,48
DA:61,384
DA:62,384
DA:64,384
DA:68,252
DA:73,258
DA:74,258
DA:77,190
DA:78,36
DA:79,36
DA:80,36
DA:83,190
DA:84,27
DA:85,27
DA:86,27
DA:90,190
DA:91,38
DA:92,38
DA:93,36
DA:94,11
DA:95,11
DA:96,25
DA:97,4
DA:99,21
DA:100,21
DA:104,190
DA:105,33
DA:106,2
DA:110,190
DA:111,42
DA:112,42
DA:113,42
DA:114,42
DA:115,9
DA:116,9
DA:117,9
DA:119,33
DA:120,33
DA:121,27
DA:122,27
DA:123,27
DA:125,6
DA:127,33
DA:128,33
DA:129,33
DA:130,33
DA:131,16
DA:132,16
DA:134,17
DA:140,190
DA:141,50
DA:142,50
DA:143,50
DA:144,105
DA:145,105
DA:146,1317
DA:147,303
DA:150,105
DA:152,50
DA:155,190
DA:156,51
DA:157,51
DA:158,51
DA:159,51
DA:160,51
DA:161,51
DA:163,51
DA:165,51
DA:166,51
DA:167,108
DA:168,108
DA:169,108
DA:170,312
DA:171,112
DA:172,112
DA:174,312
DA:176,108
DA:179,51
DA:180,51
DA:181,51
DA:182,51
DA:183,51
DA:186,190
DA:187,51
DA:197,875
DA:198,6864
DA:199,6864
DA:201,6864
DA:205,42
DA:206,38
DA:228,1
LF:128
LH:127
BRDA:33,0,0,56
BRDA:33,0,1,56
BRDA:49,1,0,16
BRDA:49,1,1,17
BRDA:54,2,0,88
BRDA:54,3,0,258
BRDA:54,3,1,88
BRDA:59,4,0,48
BRDA:64,5,0,252
BRDA:65,6,0,384
BRDA:65,6,1,253
BRDA:84,7,0,27
BRDA:92,8,0,2
BRDA:93,9,0,11
BRDA:93,9,1,25
BRDA:96,10,0,4
BRDA:96,10,1,21
BRDA:105,11,0,2
BRDA:114,12,0,9
BRDA:114,12,1,33
BRDA:120,13,0,27
BRDA:120,13,1,6
BRDA:130,14,0,16
BRDA:130,14,1,17
BRDA:146,15,0,303
BRDA:146,16,0,1317
BRDA:146,16,1,1207
BRDA:163,17,0,50
BRDA:163,17,1,1
BRDA:170,18,0,112
BRF:30
BRH:30
end_of_record
TN:
SF:src\components\MockDataLoader.jsx
FN:4,MockDataLoader
FN:7,(anonymous_7)
FN:22,(anonymous_8)
FNF:3
FNH:3
FNDA:241,MockDataLoader
FNDA:51,(anonymous_7)
FNDA:51,(anonymous_8)
DA:2,1
DA:4,190
DA:5,241
DA:7,241
DA:8,51
DA:9,51
DA:10,51
DA:14,241
DA:22,51
DA:41,1
LF:10
LH:10
BRF:0
BRH:0
end_of_record
TN:
SF:src\components\Tile.jsx
FN:3,(anonymous_2)
FNF:1
FNH:1
FNDA:7054,(anonymous_2)
DA:2,1
DA:3,7054
DA:4,7054
DA:6,7054
LF:4
LH:4
BRDA:4,0,0,190
BRDA:4,0,1,6864
BRDA:4,1,0,132
BRDA:4,1,1,6922
BRDA:4,2,0,171
BRDA:4,2,1,6883
BRF:6
BRH:6
end_of_record
TN:
SF:src\components\WinnerModal.jsx
FN:2,WinnerText
FNF:1
FNH:1
FNDA:190,WinnerText
DA:1,1
DA:2,190
DA:3,190
DA:5,25
DA:6,25
LF:5
LH:5
BRDA:3,0,0,165
BRDA:5,1,0,16
BRDA:5,1,1,9
BRF:3
BRH:3
end_of_record
