{"C:\\Users\\MSF-Laptop\\Desktop\\BuscaMinasDef\\BuscaMinas\\src\\components\\HelloWorld.jsx": {"path":"C:\\Users\\MSF-Laptop\\Desktop\\BuscaMinasDef\\BuscaMinas\\src\\components\\HelloWorld.jsx","statementMap":{"0":{"start":{"line":2,"column":13},"end":{"line":2,"column":23}},"1":{"start":{"line":7,"column":0},"end":{"line":7,"column":15}},"2":{"start":{"line":1,"column":18},"end":{"line":1,"column":null}},"3":{"start":{"line":2,"column":26},"end":{"line":6,"column":null}},"4":{"start":{"line":3,"column":0},"end":{"line":4,"column":null}},"5":{"start":{"line":7,"column":15},"end":{"line":7,"column":25}}},"fnMap":{"0":{"name":"(anonymous_4)","decl":{"start":{"line":2,"column":26},"end":{"line":2,"column":null}},"loc":{"start":{"line":2,"column":26},"end":{"line":6,"column":null}}}},"branchMap":{},"s":{"0":0,"1":0,"2":1,"3":1,"4":0,"5":1},"f":{"0":0},"b":{}}
,"C:\\Users\\MSF-Laptop\\Desktop\\BuscaMinasDef\\BuscaMinas\\src\\components\\Minesweeper.jsx": {"path":"C:\\Users\\MSF-Laptop\\Desktop\\BuscaMinasDef\\BuscaMinas\\src\\components\\Minesweeper.jsx","statementMap":{"0":{"start":{"line":218,"column":0},"end":{"line":218,"column":15}},"1":{"start":{"line":1,"column":43},"end":{"line":1,"column":null}},"2":{"start":{"line":2,"column":19},"end":{"line":2,"column":null}},"3":{"start":{"line":3,"column":27},"end":{"line":3,"column":null}},"4":{"start":{"line":6,"column":17},"end":{"line":6,"column":null}},"5":{"start":{"line":7,"column":19},"end":{"line":7,"column":null}},"6":{"start":{"line":8,"column":22},"end":{"line":8,"column":null}},"7":{"start":{"line":10,"column":22},"end":{"line":23,"column":null}},"8":{"start":{"line":11,"column":16},"end":{"line":11,"column":null}},"9":{"start":{"line":12,"column":23},"end":{"line":12,"column":null}},"10":{"start":{"line":14,"column":2},"end":{"line":20,"column":null}},"11":{"start":{"line":15,"column":24},"end":{"line":15,"column":null}},"12":{"start":{"line":16,"column":4},"end":{"line":19,"column":null}},"13":{"start":{"line":17,"column":6},"end":{"line":17,"column":null}},"14":{"start":{"line":18,"column":6},"end":{"line":18,"column":null}},"15":{"start":{"line":22,"column":2},"end":{"line":22,"column":null}},"16":{"start":{"line":25,"column":27},"end":{"line":40,"column":null}},"17":{"start":{"line":26,"column":14},"end":{"line":26,"column":null}},"18":{"start":{"line":27,"column":14},"end":{"line":27,"column":null}},"19":{"start":{"line":28,"column":14},"end":{"line":28,"column":null}},"20":{"start":{"line":30,"column":2},"end":{"line":37,"column":null}},"21":{"start":{"line":30,"column":15},"end":{"line":30,"column":37}},"22":{"start":{"line":31,"column":4},"end":{"line":36,"column":null}},"23":{"start":{"line":31,"column":17},"end":{"line":31,"column":39}},"24":{"start":{"line":32,"column":28},"end":{"line":32,"column":null}},"25":{"start":{"line":33,"column":6},"end":{"line":35,"column":null}},"26":{"start":{"line":34,"column":8},"end":{"line":34,"column":null}},"27":{"start":{"line":39,"column":2},"end":{"line":39,"column":null}},"28":{"start":{"line":42,"column":27},"end":{"line":73,"column":null}},"29":{"start":{"line":43,"column":2},"end":{"line":45,"column":null}},"30":{"start":{"line":44,"column":4},"end":{"line":44,"column":null}},"31":{"start":{"line":47,"column":24},"end":{"line":47,"column":null}},"32":{"start":{"line":48,"column":16},"end":{"line":48,"column":null}},"33":{"start":{"line":50,"column":2},"end":{"line":70,"column":null}},"34":{"start":{"line":51,"column":25},"end":{"line":51,"column":null}},"35":{"start":{"line":52,"column":26},"end":{"line":52,"column":null}},"36":{"start":{"line":53,"column":4},"end":{"line":53,"column":null}},"37":{"start":{"line":55,"column":4},"end":{"line":69,"column":null}},"38":{"start":{"line":56,"column":22},"end":{"line":56,"column":null}},"39":{"start":{"line":58,"column":6},"end":{"line":68,"column":null}},"40":{"start":{"line":58,"column":19},"end":{"line":58,"column":22}},"41":{"start":{"line":59,"column":30},"end":{"line":59,"column":55}},"42":{"start":{"line":60,"column":8},"end":{"line":67,"column":null}},"43":{"start":{"line":66,"column":10},"end":{"line":66,"column":null}},"44":{"start":{"line":72,"column":2},"end":{"line":72,"column":null}},"45":{"start":{"line":75,"column":20},"end":{"line":216,"column":null}},"46":{"start":{"line":76,"column":23},"end":{"line":76,"column":null}},"47":{"start":{"line":77,"column":38},"end":{"line":77,"column":null}},"48":{"start":{"line":78,"column":28},"end":{"line":78,"column":null}},"49":{"start":{"line":79,"column":36},"end":{"line":79,"column":null}},"50":{"start":{"line":80,"column":34},"end":{"line":80,"column":null}},"51":{"start":{"line":81,"column":26},"end":{"line":81,"column":null}},"52":{"start":{"line":82,"column":42},"end":{"line":82,"column":null}},"53":{"start":{"line":84,"column":28},"end":{"line":94,"column":null}},"54":{"start":{"line":85,"column":32},"end":{"line":87,"column":null}},"55":{"start":{"line":86,"column":6},"end":{"line":86,"column":null}},"56":{"start":{"line":89,"column":32},"end":{"line":91,"column":null}},"57":{"start":{"line":90,"column":6},"end":{"line":90,"column":null}},"58":{"start":{"line":93,"column":4},"end":{"line":93,"column":null}},"59":{"start":{"line":96,"column":2},"end":{"line":100,"column":null}},"60":{"start":{"line":97,"column":4},"end":{"line":99,"column":null}},"61":{"start":{"line":98,"column":6},"end":{"line":98,"column":null}},"62":{"start":{"line":102,"column":2},"end":{"line":110,"column":null}},"63":{"start":{"line":104,"column":4},"end":{"line":108,"column":null}},"64":{"start":{"line":105,"column":6},"end":{"line":107,"column":null}},"65":{"start":{"line":106,"column":8},"end":{"line":106,"column":null}},"66":{"start":{"line":106,"column":30},"end":{"line":106,"column":null}},"67":{"start":{"line":109,"column":4},"end":{"line":109,"column":null}},"68":{"start":{"line":109,"column":17},"end":{"line":109,"column":null}},"69":{"start":{"line":112,"column":28},"end":{"line":134,"column":null}},"70":{"start":{"line":113,"column":4},"end":{"line":115,"column":null}},"71":{"start":{"line":114,"column":6},"end":{"line":114,"column":null}},"72":{"start":{"line":117,"column":4},"end":{"line":133,"column":null}},"73":{"start":{"line":118,"column":28},"end":{"line":118,"column":null}},"74":{"start":{"line":119,"column":6},"end":{"line":119,"column":null}},"75":{"start":{"line":120,"column":6},"end":{"line":120,"column":null}},"76":{"start":{"line":121,"column":6},"end":{"line":121,"column":null}},"77":{"start":{"line":123,"column":23},"end":{"line":123,"column":null}},"78":{"start":{"line":123,"column":49},"end":{"line":123,"column":81}},"79":{"start":{"line":124,"column":6},"end":{"line":124,"column":null}},"80":{"start":{"line":126,"column":6},"end":{"line":132,"column":null}},"81":{"start":{"line":127,"column":8},"end":{"line":127,"column":null}},"82":{"start":{"line":129,"column":8},"end":{"line":131,"column":null}},"83":{"start":{"line":130,"column":10},"end":{"line":130,"column":null}},"84":{"start":{"line":136,"column":33},"end":{"line":152,"column":null}},"85":{"start":{"line":137,"column":4},"end":{"line":137,"column":null}},"86":{"start":{"line":139,"column":4},"end":{"line":151,"column":null}},"87":{"start":{"line":140,"column":6},"end":{"line":150,"column":null}},"88":{"start":{"line":141,"column":30},"end":{"line":141,"column":null}},"89":{"start":{"line":142,"column":8},"end":{"line":142,"column":null}},"90":{"start":{"line":143,"column":8},"end":{"line":143,"column":null}},"91":{"start":{"line":144,"column":8},"end":{"line":144,"column":null}},"92":{"start":{"line":145,"column":13},"end":{"line":150,"column":null}},"93":{"start":{"line":146,"column":30},"end":{"line":146,"column":null}},"94":{"start":{"line":147,"column":8},"end":{"line":147,"column":null}},"95":{"start":{"line":148,"column":8},"end":{"line":148,"column":null}},"96":{"start":{"line":149,"column":8},"end":{"line":149,"column":null}},"97":{"start":{"line":154,"column":28},"end":{"line":161,"column":null}},"98":{"start":{"line":155,"column":4},"end":{"line":155,"column":null}},"99":{"start":{"line":156,"column":4},"end":{"line":156,"column":null}},"100":{"start":{"line":157,"column":4},"end":{"line":157,"column":null}},"101":{"start":{"line":158,"column":4},"end":{"line":158,"column":null}},"102":{"start":{"line":159,"column":4},"end":{"line":159,"column":null}},"103":{"start":{"line":160,"column":4},"end":{"line":160,"column":null}},"104":{"start":{"line":163,"column":31},"end":{"line":192,"column":null}},"105":{"start":{"line":165,"column":17},"end":{"line":165,"column":null}},"106":{"start":{"line":168,"column":21},"end":{"line":168,"column":null}},"107":{"start":{"line":171,"column":26},"end":{"line":171,"column":28}},"108":{"start":{"line":174,"column":4},"end":{"line":182,"column":null}},"109":{"start":{"line":175,"column":20},"end":{"line":175,"column":null}},"110":{"start":{"line":175,"column":52},"end":{"line":175,"column":65}},"111":{"start":{"line":175,"column":82},"end":{"line":175,"column":null}},"112":{"start":{"line":176,"column":6},"end":{"line":181,"column":null}},"113":{"start":{"line":177,"column":8},"end":{"line":180,"column":null}},"114":{"start":{"line":179,"column":10},"end":{"line":179,"column":null}},"115":{"start":{"line":185,"column":4},"end":{"line":187,"column":null}},"116":{"start":{"line":186,"column":6},"end":{"line":186,"column":null}},"117":{"start":{"line":190,"column":4},"end":{"line":190,"column":null}},"118":{"start":{"line":191,"column":4},"end":{"line":191,"column":null}},"119":{"start":{"line":209,"column":27},"end":{"line":209,"column":null}},"120":{"start":{"line":210,"column":33},"end":{"line":210,"column":null}},"121":{"start":{"line":218,"column":15},"end":{"line":218,"column":null}}},"fnMap":{"0":{"name":"(anonymous_5)","decl":{"start":{"line":10,"column":22},"end":{"line":10,"column":null}},"loc":{"start":{"line":10,"column":22},"end":{"line":23,"column":null}}},"1":{"name":"(anonymous_6)","decl":{"start":{"line":25,"column":27},"end":{"line":25,"column":28}},"loc":{"start":{"line":25,"column":47},"end":{"line":40,"column":null}}},"2":{"name":"(anonymous_7)","decl":{"start":{"line":42,"column":27},"end":{"line":42,"column":28}},"loc":{"start":{"line":42,"column":54},"end":{"line":73,"column":null}}},"3":{"name":"(anonymous_8)","decl":{"start":{"line":75,"column":20},"end":{"line":75,"column":null}},"loc":{"start":{"line":75,"column":20},"end":{"line":216,"column":null}}},"4":{"name":"(anonymous_9)","decl":{"start":{"line":84,"column":28},"end":{"line":84,"column":null}},"loc":{"start":{"line":84,"column":28},"end":{"line":94,"column":null}}},"5":{"name":"(anonymous_10)","decl":{"start":{"line":85,"column":49},"end":{"line":85,"column":50}},"loc":{"start":{"line":85,"column":57},"end":{"line":87,"column":null}}},"6":{"name":"(anonymous_11)","decl":{"start":{"line":89,"column":50},"end":{"line":89,"column":51}},"loc":{"start":{"line":89,"column":58},"end":{"line":91,"column":7}}},"7":{"name":"(anonymous_12)","decl":{"start":{"line":96,"column":12},"end":{"line":96,"column":null}},"loc":{"start":{"line":96,"column":12},"end":{"line":100,"column":5}}},"8":{"name":"(anonymous_13)","decl":{"start":{"line":102,"column":12},"end":{"line":102,"column":null}},"loc":{"start":{"line":102,"column":12},"end":{"line":110,"column":5}}},"9":{"name":"(anonymous_14)","decl":{"start":{"line":105,"column":29},"end":{"line":105,"column":null}},"loc":{"start":{"line":105,"column":29},"end":{"line":107,"column":9}}},"10":{"name":"(anonymous_15)","decl":{"start":{"line":106,"column":16},"end":{"line":106,"column":17}},"loc":{"start":{"line":106,"column":30},"end":{"line":106,"column":null}}},"11":{"name":"(anonymous_16)","decl":{"start":{"line":109,"column":11},"end":{"line":109,"column":17}},"loc":{"start":{"line":109,"column":17},"end":{"line":109,"column":null}}},"12":{"name":"(anonymous_17)","decl":{"start":{"line":112,"column":28},"end":{"line":112,"column":29}},"loc":{"start":{"line":112,"column":29},"end":{"line":134,"column":null}}},"13":{"name":"(anonymous_18)","decl":{"start":{"line":123,"column":33},"end":{"line":123,"column":34}},"loc":{"start":{"line":123,"column":49},"end":{"line":123,"column":81}}},"14":{"name":"(anonymous_19)","decl":{"start":{"line":136,"column":33},"end":{"line":136,"column":34}},"loc":{"start":{"line":136,"column":37},"end":{"line":152,"column":null}}},"15":{"name":"(anonymous_20)","decl":{"start":{"line":154,"column":28},"end":{"line":154,"column":null}},"loc":{"start":{"line":154,"column":28},"end":{"line":161,"column":null}}},"16":{"name":"(anonymous_21)","decl":{"start":{"line":163,"column":31},"end":{"line":163,"column":32}},"loc":{"start":{"line":163,"column":32},"end":{"line":192,"column":null}}},"17":{"name":"(anonymous_22)","decl":{"start":{"line":174,"column":17},"end":{"line":174,"column":18}},"loc":{"start":{"line":174,"column":23},"end":{"line":182,"column":null}}},"18":{"name":"(anonymous_23)","decl":{"start":{"line":175,"column":42},"end":{"line":175,"column":43}},"loc":{"start":{"line":175,"column":52},"end":{"line":175,"column":65}}},"19":{"name":"(anonymous_24)","decl":{"start":{"line":175,"column":72},"end":{"line":175,"column":73}},"loc":{"start":{"line":175,"column":82},"end":{"line":175,"column":null}}},"20":{"name":"(anonymous_25)","decl":{"start":{"line":176,"column":20},"end":{"line":176,"column":21}},"loc":{"start":{"line":176,"column":27},"end":{"line":181,"column":null}}},"21":{"name":"(anonymous_26)","decl":{"start":{"line":185,"column":26},"end":{"line":185,"column":27}},"loc":{"start":{"line":185,"column":27},"end":{"line":187,"column":null}}},"22":{"name":"(anonymous_28)","decl":{"start":{"line":209,"column":21},"end":{"line":209,"column":27}},"loc":{"start":{"line":209,"column":27},"end":{"line":209,"column":null}}},"23":{"name":"(anonymous_29)","decl":{"start":{"line":210,"column":26},"end":{"line":210,"column":27}},"loc":{"start":{"line":210,"column":33},"end":{"line":210,"column":null}}}},"branchMap":{"0":{"loc":{"start":{"line":16,"column":4},"end":{"line":19,"column":null}},"type":"if","locations":[{"start":{"line":16,"column":4},"end":{"line":19,"column":null}}]},"1":{"loc":{"start":{"line":33,"column":6},"end":{"line":35,"column":null}},"type":"if","locations":[{"start":{"line":33,"column":6},"end":{"line":35,"column":null}}]},"2":{"loc":{"start":{"line":43,"column":2},"end":{"line":45,"column":null}},"type":"if","locations":[{"start":{"line":43,"column":2},"end":{"line":45,"column":null}}]},"3":{"loc":{"start":{"line":43,"column":6},"end":{"line":43,"column":48}},"type":"binary-expr","locations":[{"start":{"line":43,"column":6},"end":{"line":43,"column":36}},{"start":{"line":43,"column":36},"end":{"line":43,"column":48}}]},"4":{"loc":{"start":{"line":53,"column":34},"end":{"line":53,"column":null}},"type":"cond-expr","locations":[{"start":{"line":53,"column":56},"end":{"line":53,"column":61}},{"start":{"line":53,"column":61},"end":{"line":53,"column":null}}]},"5":{"loc":{"start":{"line":55,"column":4},"end":{"line":69,"column":null}},"type":"if","locations":[{"start":{"line":55,"column":4},"end":{"line":69,"column":null}}]},"6":{"loc":{"start":{"line":60,"column":8},"end":{"line":67,"column":null}},"type":"if","locations":[{"start":{"line":60,"column":8},"end":{"line":67,"column":null}}]},"7":{"loc":{"start":{"line":61,"column":10},"end":{"line":64,"column":31}},"type":"binary-expr","locations":[{"start":{"line":61,"column":10},"end":{"line":61,"column":null}},{"start":{"line":62,"column":10},"end":{"line":62,"column":43}},{"start":{"line":63,"column":10},"end":{"line":63,"column":null}},{"start":{"line":64,"column":10},"end":{"line":64,"column":31}}]},"8":{"loc":{"start":{"line":86,"column":13},"end":{"line":86,"column":null}},"type":"binary-expr","locations":[{"start":{"line":86,"column":13},"end":{"line":86,"column":26}},{"start":{"line":86,"column":30},"end":{"line":86,"column":null}}]},"9":{"loc":{"start":{"line":90,"column":22},"end":{"line":90,"column":null}},"type":"cond-expr","locations":[{"start":{"line":90,"column":39},"end":{"line":90,"column":43}},{"start":{"line":90,"column":43},"end":{"line":90,"column":null}}]},"10":{"loc":{"start":{"line":93,"column":11},"end":{"line":93,"column":null}},"type":"binary-expr","locations":[{"start":{"line":93,"column":11},"end":{"line":93,"column":34}},{"start":{"line":93,"column":34},"end":{"line":93,"column":null}}]},"11":{"loc":{"start":{"line":97,"column":4},"end":{"line":99,"column":null}},"type":"if","locations":[{"start":{"line":97,"column":4},"end":{"line":99,"column":null}}]},"12":{"loc":{"start":{"line":104,"column":4},"end":{"line":108,"column":null}},"type":"if","locations":[{"start":{"line":104,"column":4},"end":{"line":108,"column":null}}]},"13":{"loc":{"start":{"line":104,"column":8},"end":{"line":104,"column":35}},"type":"binary-expr","locations":[{"start":{"line":104,"column":8},"end":{"line":104,"column":24}},{"start":{"line":104,"column":24},"end":{"line":104,"column":35}}]},"14":{"loc":{"start":{"line":113,"column":4},"end":{"line":115,"column":null}},"type":"if","locations":[{"start":{"line":113,"column":4},"end":{"line":115,"column":null}}]},"15":{"loc":{"start":{"line":117,"column":4},"end":{"line":133,"column":null}},"type":"if","locations":[{"start":{"line":117,"column":4},"end":{"line":133,"column":null}},{"start":{"line":125,"column":11},"end":{"line":133,"column":null}}]},"16":{"loc":{"start":{"line":123,"column":49},"end":{"line":123,"column":81}},"type":"cond-expr","locations":[{"start":{"line":123,"column":58},"end":{"line":123,"column":65}},{"start":{"line":123,"column":65},"end":{"line":123,"column":81}}]},"17":{"loc":{"start":{"line":126,"column":6},"end":{"line":132,"column":null}},"type":"if","locations":[{"start":{"line":126,"column":6},"end":{"line":132,"column":null}}]},"18":{"loc":{"start":{"line":129,"column":8},"end":{"line":131,"column":null}},"type":"if","locations":[{"start":{"line":129,"column":8},"end":{"line":131,"column":null}}]},"19":{"loc":{"start":{"line":139,"column":4},"end":{"line":151,"column":null}},"type":"if","locations":[{"start":{"line":139,"column":4},"end":{"line":151,"column":null}}]},"20":{"loc":{"start":{"line":140,"column":6},"end":{"line":150,"column":null}},"type":"if","locations":[{"start":{"line":140,"column":6},"end":{"line":150,"column":null}},{"start":{"line":145,"column":13},"end":{"line":150,"column":null}}]},"21":{"loc":{"start":{"line":145,"column":13},"end":{"line":150,"column":null}},"type":"if","locations":[{"start":{"line":145,"column":13},"end":{"line":150,"column":null}}]},"22":{"loc":{"start":{"line":145,"column":17},"end":{"line":145,"column":71}},"type":"binary-expr","locations":[{"start":{"line":145,"column":17},"end":{"line":145,"column":47}},{"start":{"line":145,"column":47},"end":{"line":145,"column":71}}]},"23":{"loc":{"start":{"line":177,"column":8},"end":{"line":180,"column":null}},"type":"if","locations":[{"start":{"line":177,"column":8},"end":{"line":180,"column":null}}]},"24":{"loc":{"start":{"line":200,"column":9},"end":{"line":200,"column":null}},"type":"cond-expr","locations":[{"start":{"line":200,"column":21},"end":{"line":200,"column":58}},{"start":{"line":200,"column":58},"end":{"line":200,"column":null}}]},"25":{"loc":{"start":{"line":200,"column":21},"end":{"line":200,"column":58}},"type":"cond-expr","locations":[{"start":{"line":200,"column":43},"end":{"line":200,"column":50}},{"start":{"line":200,"column":50},"end":{"line":200,"column":58}}]}},"s":{"0":2,"1":1,"2":1,"3":1,"4":1,"5":1,"6":1,"7":1,"8":2,"9":2,"10":2,"11":21,"12":21,"13":20,"14":20,"15":2,"16":1,"17":0,"18":0,"19":0,"20":0,"21":0,"22":0,"23":0,"24":0,"25":0,"26":0,"27":0,"28":1,"29":0,"30":0,"31":0,"32":0,"33":0,"34":0,"35":0,"36":0,"37":0,"38":0,"39":0,"40":0,"41":0,"42":0,"43":0,"44":0,"45":1,"46":2,"47":2,"48":2,"49":2,"50":2,"51":2,"52":2,"53":2,"54":2,"55":2,"56":2,"57":128,"58":2,"59":2,"60":2,"61":0,"62":2,"63":2,"64":0,"65":0,"66":0,"67":2,"68":2,"69":2,"70":0,"71":0,"72":0,"73":0,"74":0,"75":0,"76":0,"77":0,"78":0,"79":0,"80":0,"81":0,"82":0,"83":0,"84":2,"85":0,"86":0,"87":0,"88":0,"89":0,"90":0,"91":0,"92":0,"93":0,"94":0,"95":0,"96":0,"97":2,"98":0,"99":0,"100":0,"101":0,"102":0,"103":0,"104":2,"105":0,"106":0,"107":0,"108":0,"109":0,"110":0,"111":0,"112":0,"113":0,"114":0,"115":0,"116":0,"117":0,"118":0,"119":0,"120":0,"121":1},"f":{"0":2,"1":0,"2":0,"3":2,"4":2,"5":2,"6":128,"7":2,"8":2,"9":0,"10":0,"11":2,"12":0,"13":0,"14":0,"15":0,"16":0,"17":0,"18":0,"19":0,"20":0,"21":0,"22":0,"23":0},"b":{"0":[20],"1":[0],"2":[0],"3":[0,0],"4":[0,0],"5":[0],"6":[0],"7":[0,0,0,0],"8":[2,2],"9":[0,128],"10":[2,0],"11":[0],"12":[0],"13":[2,0],"14":[0],"15":[0,0],"16":[0,0],"17":[0],"18":[0],"19":[0],"20":[0,0],"21":[0],"22":[0,0],"23":[0],"24":[0,2],"25":[0,0]}}
,"C:\\Users\\MSF-Laptop\\Desktop\\BuscaMinasDef\\BuscaMinas\\src\\components\\Square.jsx": {"path":"C:\\Users\\MSF-Laptop\\Desktop\\BuscaMinasDef\\BuscaMinas\\src\\components\\Square.jsx","statementMap":{"0":{"start":{"line":13,"column":0},"end":{"line":13,"column":15}},"1":{"start":{"line":1,"column":18},"end":{"line":1,"column":null}},"2":{"start":{"line":3,"column":15},"end":{"line":11,"column":null}},"3":{"start":{"line":4,"column":2},"end":{"line":6,"column":null}},"4":{"start":{"line":13,"column":15},"end":{"line":13,"column":null}}},"fnMap":{"0":{"name":"(anonymous_2)","decl":{"start":{"line":3,"column":15},"end":{"line":3,"column":16}},"loc":{"start":{"line":3,"column":48},"end":{"line":11,"column":null}}}},"branchMap":{"0":{"loc":{"start":{"line":5,"column":30},"end":{"line":5,"column":62}},"type":"cond-expr","locations":[{"start":{"line":5,"column":47},"end":{"line":5,"column":59}},{"start":{"line":5,"column":59},"end":{"line":5,"column":62}}]}},"s":{"0":128,"1":1,"2":1,"3":128,"4":1},"f":{"0":128},"b":{"0":[0,128]}}
,"C:\\Users\\MSF-Laptop\\Desktop\\BuscaMinasDef\\BuscaMinas\\src\\components\\mockData.jsx": {"path":"C:\\Users\\MSF-Laptop\\Desktop\\BuscaMinasDef\\BuscaMinas\\src\\components\\mockData.jsx","statementMap":{"0":{"start":{"line":44,"column":0},"end":{"line":44,"column":15}},"1":{"start":{"line":1,"column":43},"end":{"line":1,"column":null}},"2":{"start":{"line":4,"column":34},"end":{"line":4,"column":null}},"3":{"start":{"line":5,"column":34},"end":{"line":5,"column":null}},"4":{"start":{"line":7,"column":2},"end":{"line":15,"column":null}},"5":{"start":{"line":8,"column":26},"end":{"line":12,"column":null}},"6":{"start":{"line":9,"column":6},"end":{"line":11,"column":null}},"7":{"start":{"line":10,"column":8},"end":{"line":10,"column":null}},"8":{"start":{"line":10,"column":34},"end":{"line":10,"column":null}},"9":{"start":{"line":13,"column":4},"end":{"line":13,"column":null}},"10":{"start":{"line":14,"column":4},"end":{"line":14,"column":null}},"11":{"start":{"line":14,"column":17},"end":{"line":14,"column":null}},"12":{"start":{"line":17,"column":23},"end":{"line":22,"column":null}},"13":{"start":{"line":18,"column":4},"end":{"line":18,"column":null}},"14":{"start":{"line":19,"column":4},"end":{"line":19,"column":null}},"15":{"start":{"line":20,"column":4},"end":{"line":20,"column":null}},"16":{"start":{"line":21,"column":4},"end":{"line":21,"column":null}},"17":{"start":{"line":24,"column":2},"end":{"line":36,"column":null}},"18":{"start":{"line":32,"column":35},"end":{"line":32,"column":null}},"19":{"start":{"line":44,"column":15},"end":{"line":44,"column":null}}},"fnMap":{"0":{"name":"MockDataLoader","decl":{"start":{"line":3,"column":9},"end":{"line":3,"column":24}},"loc":{"start":{"line":3,"column":36},"end":{"line":42,"column":null}}},"1":{"name":"(anonymous_5)","decl":{"start":{"line":7,"column":12},"end":{"line":7,"column":null}},"loc":{"start":{"line":7,"column":12},"end":{"line":15,"column":5}}},"2":{"name":"(anonymous_6)","decl":{"start":{"line":8,"column":26},"end":{"line":8,"column":27}},"loc":{"start":{"line":8,"column":27},"end":{"line":12,"column":null}}},"3":{"name":"(anonymous_7)","decl":{"start":{"line":10,"column":20},"end":{"line":10,"column":21}},"loc":{"start":{"line":10,"column":34},"end":{"line":10,"column":null}}},"4":{"name":"(anonymous_8)","decl":{"start":{"line":14,"column":11},"end":{"line":14,"column":17}},"loc":{"start":{"line":14,"column":17},"end":{"line":14,"column":null}}},"5":{"name":"(anonymous_9)","decl":{"start":{"line":17,"column":23},"end":{"line":17,"column":24}},"loc":{"start":{"line":17,"column":24},"end":{"line":22,"column":null}}},"6":{"name":"(anonymous_10)","decl":{"start":{"line":32,"column":24},"end":{"line":32,"column":25}},"loc":{"start":{"line":32,"column":35},"end":{"line":32,"column":null}}}},"branchMap":{"0":{"loc":{"start":{"line":9,"column":6},"end":{"line":11,"column":null}},"type":"if","locations":[{"start":{"line":9,"column":6},"end":{"line":11,"column":null}}]},"1":{"loc":{"start":{"line":9,"column":10},"end":{"line":9,"column":46}},"type":"binary-expr","locations":[{"start":{"line":9,"column":10},"end":{"line":9,"column":23}},{"start":{"line":9,"column":27},"end":{"line":9,"column":46}}]},"2":{"loc":{"start":{"line":26,"column":7},"end":{"line":36,"column":null}},"type":"binary-expr","locations":[{"start":{"line":26,"column":7},"end":{"line":26,"column":null}},{"start":{"line":27,"column":8},"end":{"line":36,"column":null}}]}},"s":{"0":2,"1":1,"2":2,"3":2,"4":2,"5":2,"6":0,"7":0,"8":0,"9":2,"10":2,"11":2,"12":2,"13":0,"14":0,"15":0,"16":0,"17":2,"18":0,"19":1},"f":{"0":2,"1":2,"2":0,"3":0,"4":2,"5":0,"6":0},"b":{"0":[0],"1":[0,0],"2":[2,0]}}
}
