TN:
SF:src\components\HelloWorld.jsx
FN:2,(anonymous_4)
FNF:1
FNH:0
FNDA:0,(anonymous_4)
DA:1,1
DA:2,1
DA:3,0
DA:7,1
LF:4
LH:3
BRF:0
BRH:0
end_of_record
TN:
SF:src\components\Minesweeper.jsx
FN:10,(anonymous_5)
FN:25,(anonymous_6)
FN:42,(anonymous_7)
FN:75,(anonymous_8)
FN:84,(anonymous_9)
FN:85,(anonymous_10)
FN:89,(anonymous_11)
FN:96,(anonymous_12)
FN:102,(anonymous_13)
FN:105,(anonymous_14)
FN:106,(anonymous_15)
FN:109,(anonymous_16)
FN:112,(anonymous_17)
FN:123,(anonymous_18)
FN:136,(anonymous_19)
FN:154,(anonymous_20)
FN:163,(anonymous_21)
FN:174,(anonymous_22)
FN:175,(anonymous_23)
FN:175,(anonymous_24)
FN:176,(anonymous_25)
FN:185,(anonymous_26)
FN:209,(anonymous_28)
FN:210,(anonymous_29)
FNF:24
FNH:8
FNDA:2,(anonymous_5)
FNDA:0,(anonymous_6)
FNDA:0,(anonymous_7)
FNDA:2,(anonymous_8)
FNDA:2,(anonymous_9)
FNDA:2,(anonymous_10)
FNDA:128,(anonymous_11)
FNDA:2,(anonymous_12)
FNDA:2,(anonymous_13)
FNDA:0,(anonymous_14)
FNDA:0,(anonymous_15)
FNDA:2,(anonymous_16)
FNDA:0,(anonymous_17)
FNDA:0,(anonymous_18)
FNDA:0,(anonymous_19)
FNDA:0,(anonymous_20)
FNDA:0,(anonymous_21)
FNDA:0,(anonymous_22)
FNDA:0,(anonymous_23)
FNDA:0,(anonymous_24)
FNDA:0,(anonymous_25)
FNDA:0,(anonymous_26)
FNDA:0,(anonymous_28)
FNDA:0,(anonymous_29)
DA:1,1
DA:2,1
DA:3,1
DA:6,1
DA:7,1
DA:8,1
DA:10,1
DA:11,2
DA:12,2
DA:14,2
DA:15,21
DA:16,21
DA:17,20
DA:18,20
DA:22,2
DA:25,1
DA:26,0
DA:27,0
DA:28,0
DA:30,0
DA:31,0
DA:32,0
DA:33,0
DA:34,0
DA:39,0
DA:42,1
DA:43,0
DA:44,0
DA:47,0
DA:48,0
DA:50,0
DA:51,0
DA:52,0
DA:53,0
DA:55,0
DA:56,0
DA:58,0
DA:59,0
DA:60,0
DA:66,0
DA:72,0
DA:75,1
DA:76,2
DA:77,2
DA:78,2
DA:79,2
DA:80,2
DA:81,2
DA:82,2
DA:84,2
DA:85,2
DA:86,2
DA:89,2
DA:90,128
DA:93,2
DA:96,2
DA:97,2
DA:98,0
DA:102,2
DA:104,2
DA:105,0
DA:106,0
DA:109,2
DA:112,2
DA:113,0
DA:114,0
DA:117,0
DA:118,0
DA:119,0
DA:120,0
DA:121,0
DA:123,0
DA:124,0
DA:126,0
DA:127,0
DA:129,0
DA:130,0
DA:136,2
DA:137,0
DA:139,0
DA:140,0
DA:141,0
DA:142,0
DA:143,0
DA:144,0
DA:145,0
DA:146,0
DA:147,0
DA:148,0
DA:149,0
DA:154,2
DA:155,0
DA:156,0
DA:157,0
DA:158,0
DA:159,0
DA:160,0
DA:163,2
DA:165,0
DA:168,0
DA:171,0
DA:174,0
DA:175,0
DA:176,0
DA:177,0
DA:179,0
DA:185,0
DA:186,0
DA:190,0
DA:191,0
DA:209,0
DA:210,0
DA:218,2
LF:113
LH:41
BRDA:16,0,0,20
BRDA:33,1,0,0
BRDA:43,2,0,0
BRDA:43,3,0,0
BRDA:43,3,1,0
BRDA:53,4,0,0
BRDA:53,4,1,0
BRDA:55,5,0,0
BRDA:60,6,0,0
BRDA:61,7,0,0
BRDA:61,7,1,0
BRDA:61,7,2,0
BRDA:61,7,3,0
BRDA:86,8,0,2
BRDA:86,8,1,2
BRDA:90,9,0,0
BRDA:90,9,1,128
BRDA:93,10,0,2
BRDA:93,10,1,0
BRDA:97,11,0,0
BRDA:104,12,0,0
BRDA:104,13,0,2
BRDA:104,13,1,0
BRDA:113,14,0,0
BRDA:117,15,0,0
BRDA:117,15,1,0
BRDA:123,16,0,0
BRDA:123,16,1,0
BRDA:126,17,0,0
BRDA:129,18,0,0
BRDA:139,19,0,0
BRDA:140,20,0,0
BRDA:140,20,1,0
BRDA:145,21,0,0
BRDA:145,22,0,0
BRDA:145,22,1,0
BRDA:177,23,0,0
BRDA:200,24,0,0
BRDA:200,24,1,2
BRDA:200,25,0,0
BRDA:200,25,1,0
BRF:41
BRH:7
end_of_record
TN:
SF:src\components\Square.jsx
FN:3,(anonymous_2)
FNF:1
FNH:1
FNDA:128,(anonymous_2)
DA:1,1
DA:3,1
DA:4,128
DA:13,128
LF:4
LH:4
BRDA:5,0,0,0
BRDA:5,0,1,128
BRF:2
BRH:1
end_of_record
TN:
SF:src\components\mockData.jsx
FN:3,MockDataLoader
FN:7,(anonymous_5)
FN:8,(anonymous_6)
FN:10,(anonymous_7)
FN:14,(anonymous_8)
FN:17,(anonymous_9)
FN:32,(anonymous_10)
FNF:7
FNH:3
FNDA:2,MockDataLoader
FNDA:2,(anonymous_5)
FNDA:0,(anonymous_6)
FNDA:0,(anonymous_7)
FNDA:2,(anonymous_8)
FNDA:0,(anonymous_9)
FNDA:0,(anonymous_10)
DA:1,1
DA:4,2
DA:5,2
DA:7,2
DA:8,2
DA:9,0
DA:10,0
DA:13,2
DA:14,2
DA:17,2
DA:18,0
DA:19,0
DA:20,0
DA:21,0
DA:24,2
DA:32,0
DA:44,2
LF:17
LH:10
BRDA:9,0,0,0
BRDA:9,1,0,0
BRDA:9,1,1,0
BRDA:26,2,0,2
BRDA:26,2,1,0
BRF:5
BRH:1
end_of_record
